#! /usr/bin/vvp
:ivl_version "12.0 (stable)";
:ivl_delay_selection "TYPICAL";
:vpi_time_precision + 0;
:vpi_module "/usr/lib/x86_64-linux-gnu/ivl/system.vpi";
:vpi_module "/usr/lib/x86_64-linux-gnu/ivl/vhdl_sys.vpi";
:vpi_module "/usr/lib/x86_64-linux-gnu/ivl/vhdl_textio.vpi";
:vpi_module "/usr/lib/x86_64-linux-gnu/ivl/v2005_math.vpi";
:vpi_module "/usr/lib/x86_64-linux-gnu/ivl/va_math.vpi";
:vpi_module "/usr/lib/x86_64-linux-gnu/ivl/v2009.vpi";
S_0x570428c55dc0 .scope package, "$unit" "$unit" 2 1;
 .timescale 0 0;
S_0x570428c66bc0 .scope module, "add" "add" 3 5;
 .timescale 0 0;
    .port_info 0 /INPUT 4 "a";
    .port_info 1 /INPUT 4 "b";
    .port_info 2 /OUTPUT 4 "sum";
o0x7eb927efe018 .functor BUFZ 4, C4<zzzz>; HiZ drive
v0x570428c66f30_0 .net "a", 3 0, o0x7eb927efe018;  0 drivers
o0x7eb927efe048 .functor BUFZ 4, C4<zzzz>; HiZ drive
v0x570428c912e0_0 .net "b", 3 0, o0x7eb927efe048;  0 drivers
v0x570428c913c0_0 .net "sum", 3 0, L_0x570428c92c60;  1 drivers
L_0x570428c92c60 .arith/sum 4, o0x7eb927efe018, o0x7eb927efe048;
S_0x570428c66da0 .scope module, "testbench" "testbench" 4 1;
 .timescale 0 0;
v0x570428c92980_0 .var/s "a", 3 0;
v0x570428c92a90_0 .var/s "b", 3 0;
v0x570428c92b60_0 .net/s "sum", 3 0, L_0x570428c93810;  1 drivers
S_0x570428c91500 .scope module, "inst" "signed_add_with_saturation" 4 5, 3 19 0, S_0x570428c66da0;
 .timescale 0 0;
    .port_info 0 /INPUT 4 "a";
    .port_info 1 /INPUT 4 "b";
    .port_info 2 /OUTPUT 4 "sum";
L_0x570428c92d00 .functor XNOR 1, L_0x570428c92f70, L_0x570428c93010, C4<0>, C4<0>;
L_0x570428c933d0 .functor XOR 1, L_0x570428c93180, L_0x570428c932a0, C4<0>, C4<0>;
L_0x570428c93490 .functor AND 1, L_0x570428c92d00, L_0x570428c933d0, C4<1>, C4<1>;
v0x570428c91750_0 .net *"_ivl_11", 0 0, L_0x570428c932a0;  1 drivers
v0x570428c91850_0 .net *"_ivl_12", 0 0, L_0x570428c933d0;  1 drivers
v0x570428c91910_0 .net *"_ivl_17", 0 0, L_0x570428c935a0;  1 drivers
L_0x7eb927eb5018 .functor BUFT 1, C4<1000>, C4<0>, C4<0>, C4<0>;
v0x570428c919d0_0 .net/2u *"_ivl_18", 3 0, L_0x7eb927eb5018;  1 drivers
L_0x7eb927eb5060 .functor BUFT 1, C4<0111>, C4<0>, C4<0>, C4<0>;
v0x570428c91ab0_0 .net/2u *"_ivl_20", 3 0, L_0x7eb927eb5060;  1 drivers
v0x570428c91be0_0 .net *"_ivl_22", 3 0, L_0x570428c93680;  1 drivers
v0x570428c91cc0_0 .net *"_ivl_3", 0 0, L_0x570428c92f70;  1 drivers
v0x570428c91da0_0 .net *"_ivl_5", 0 0, L_0x570428c93010;  1 drivers
v0x570428c91e80_0 .net *"_ivl_6", 0 0, L_0x570428c92d00;  1 drivers
v0x570428c91fd0_0 .net *"_ivl_9", 0 0, L_0x570428c93180;  1 drivers
v0x570428c920b0_0 .net "a", 3 0, v0x570428c92980_0;  1 drivers
v0x570428c92190_0 .net "b", 3 0, v0x570428c92a90_0;  1 drivers
v0x570428c92270_0 .net "overflow", 0 0, L_0x570428c93490;  1 drivers
v0x570428c92330_0 .net "sum", 3 0, L_0x570428c93810;  alias, 1 drivers
v0x570428c92410_0 .net "temp_sum", 3 0, L_0x570428c92e00;  1 drivers
L_0x570428c92e00 .arith/sum 4, v0x570428c92980_0, v0x570428c92a90_0;
L_0x570428c92f70 .part v0x570428c92980_0, 3, 1;
L_0x570428c93010 .part v0x570428c92a90_0, 3, 1;
L_0x570428c93180 .part L_0x570428c92e00, 3, 1;
L_0x570428c932a0 .part v0x570428c92980_0, 3, 1;
L_0x570428c935a0 .part v0x570428c92980_0, 3, 1;
L_0x570428c93680 .functor MUXZ 4, L_0x7eb927eb5060, L_0x7eb927eb5018, L_0x570428c935a0, C4<>;
L_0x570428c93810 .functor MUXZ 4, L_0x570428c92e00, L_0x570428c93680, L_0x570428c93490, C4<>;
S_0x570428c92570 .scope task, "test" "test" 4 8, 4 8 0, S_0x570428c66da0;
 .timescale 0 0;
v0x570428c92700_0 .var "t_a", 3 0;
v0x570428c927e0_0 .var "t_b", 3 0;
v0x570428c928c0_0 .var "t_sum", 3 0;
TD_testbench.test ;
    %load/vec4 v0x570428c92700_0;
    %load/vec4 v0x570428c927e0_0;
    %concat/vec4; draw_concat_vec4
    %split/vec4 4;
    %store/vec4 v0x570428c92a90_0, 0, 4;
    %store/vec4 v0x570428c92980_0, 0, 4;
    %delay 1, 0;
    %vpi_call/w 4 17 "$display", "TEST %d + %d = %d", v0x570428c92980_0, v0x570428c92a90_0, v0x570428c92b60_0 {0 0 0};
    %load/vec4 v0x570428c92b60_0;
    %load/vec4 v0x570428c928c0_0;
    %cmp/ne;
    %jmp/0xz  T_0.0, 6;
    %vpi_call/w 4 21 "$display", "FAIL %s: %d EXPECTED", "testbench.sv", v0x570428c928c0_0 {0 0 0};
    %vpi_call/w 4 22 "$finish" {0 0 0};
T_0.0 ;
    %end;
    .scope S_0x570428c66da0;
T_1 ;
    %pushi/vec4 0, 0, 4;
    %store/vec4 v0x570428c92700_0, 0, 4;
    %pushi/vec4 0, 0, 4;
    %store/vec4 v0x570428c927e0_0, 0, 4;
    %pushi/vec4 0, 0, 4;
    %store/vec4 v0x570428c928c0_0, 0, 4;
    %fork TD_testbench.test, S_0x570428c92570;
    %join;
    %pushi/vec4 1, 0, 4;
    %store/vec4 v0x570428c92700_0, 0, 4;
    %pushi/vec4 2, 0, 4;
    %store/vec4 v0x570428c927e0_0, 0, 4;
    %pushi/vec4 3, 0, 4;
    %store/vec4 v0x570428c928c0_0, 0, 4;
    %fork TD_testbench.test, S_0x570428c92570;
    %join;
    %pushi/vec4 1, 0, 4;
    %store/vec4 v0x570428c92700_0, 0, 4;
    %pushi/vec4 14, 0, 4;
    %store/vec4 v0x570428c927e0_0, 0, 4;
    %pushi/vec4 15, 0, 4;
    %store/vec4 v0x570428c928c0_0, 0, 4;
    %fork TD_testbench.test, S_0x570428c92570;
    %join;
    %pushi/vec4 15, 0, 4;
    %store/vec4 v0x570428c92700_0, 0, 4;
    %pushi/vec4 2, 0, 4;
    %store/vec4 v0x570428c927e0_0, 0, 4;
    %pushi/vec4 1, 0, 4;
    %store/vec4 v0x570428c928c0_0, 0, 4;
    %fork TD_testbench.test, S_0x570428c92570;
    %join;
    %pushi/vec4 15, 0, 4;
    %store/vec4 v0x570428c92700_0, 0, 4;
    %pushi/vec4 14, 0, 4;
    %store/vec4 v0x570428c927e0_0, 0, 4;
    %pushi/vec4 13, 0, 4;
    %store/vec4 v0x570428c928c0_0, 0, 4;
    %fork TD_testbench.test, S_0x570428c92570;
    %join;
    %pushi/vec4 4, 0, 4;
    %store/vec4 v0x570428c92700_0, 0, 4;
    %pushi/vec4 7, 0, 4;
    %store/vec4 v0x570428c927e0_0, 0, 4;
    %pushi/vec4 7, 0, 4;
    %store/vec4 v0x570428c928c0_0, 0, 4;
    %fork TD_testbench.test, S_0x570428c92570;
    %join;
    %pushi/vec4 4, 0, 4;
    %store/vec4 v0x570428c92700_0, 0, 4;
    %pushi/vec4 9, 0, 4;
    %store/vec4 v0x570428c927e0_0, 0, 4;
    %pushi/vec4 13, 0, 4;
    %store/vec4 v0x570428c928c0_0, 0, 4;
    %fork TD_testbench.test, S_0x570428c92570;
    %join;
    %pushi/vec4 12, 0, 4;
    %store/vec4 v0x570428c92700_0, 0, 4;
    %pushi/vec4 7, 0, 4;
    %store/vec4 v0x570428c927e0_0, 0, 4;
    %pushi/vec4 3, 0, 4;
    %store/vec4 v0x570428c928c0_0, 0, 4;
    %fork TD_testbench.test, S_0x570428c92570;
    %join;
    %pushi/vec4 12, 0, 4;
    %store/vec4 v0x570428c92700_0, 0, 4;
    %pushi/vec4 9, 0, 4;
    %store/vec4 v0x570428c927e0_0, 0, 4;
    %pushi/vec4 8, 0, 4;
    %store/vec4 v0x570428c928c0_0, 0, 4;
    %fork TD_testbench.test, S_0x570428c92570;
    %join;
    %pushi/vec4 3, 0, 4;
    %store/vec4 v0x570428c92700_0, 0, 4;
    %pushi/vec4 5, 0, 4;
    %store/vec4 v0x570428c927e0_0, 0, 4;
    %pushi/vec4 7, 0, 4;
    %store/vec4 v0x570428c928c0_0, 0, 4;
    %fork TD_testbench.test, S_0x570428c92570;
    %join;
    %pushi/vec4 3, 0, 4;
    %store/vec4 v0x570428c92700_0, 0, 4;
    %pushi/vec4 11, 0, 4;
    %store/vec4 v0x570428c927e0_0, 0, 4;
    %pushi/vec4 14, 0, 4;
    %store/vec4 v0x570428c928c0_0, 0, 4;
    %fork TD_testbench.test, S_0x570428c92570;
    %join;
    %pushi/vec4 13, 0, 4;
    %store/vec4 v0x570428c92700_0, 0, 4;
    %pushi/vec4 5, 0, 4;
    %store/vec4 v0x570428c927e0_0, 0, 4;
    %pushi/vec4 2, 0, 4;
    %store/vec4 v0x570428c928c0_0, 0, 4;
    %fork TD_testbench.test, S_0x570428c92570;
    %join;
    %pushi/vec4 13, 0, 4;
    %store/vec4 v0x570428c92700_0, 0, 4;
    %pushi/vec4 11, 0, 4;
    %store/vec4 v0x570428c927e0_0, 0, 4;
    %pushi/vec4 8, 0, 4;
    %store/vec4 v0x570428c928c0_0, 0, 4;
    %fork TD_testbench.test, S_0x570428c92570;
    %join;
    %pushi/vec4 3, 0, 4;
    %store/vec4 v0x570428c92700_0, 0, 4;
    %pushi/vec4 6, 0, 4;
    %store/vec4 v0x570428c927e0_0, 0, 4;
    %pushi/vec4 7, 0, 4;
    %store/vec4 v0x570428c928c0_0, 0, 4;
    %fork TD_testbench.test, S_0x570428c92570;
    %join;
    %pushi/vec4 3, 0, 4;
    %store/vec4 v0x570428c92700_0, 0, 4;
    %pushi/vec4 10, 0, 4;
    %store/vec4 v0x570428c927e0_0, 0, 4;
    %pushi/vec4 13, 0, 4;
    %store/vec4 v0x570428c928c0_0, 0, 4;
    %fork TD_testbench.test, S_0x570428c92570;
    %join;
    %pushi/vec4 13, 0, 4;
    %store/vec4 v0x570428c92700_0, 0, 4;
    %pushi/vec4 6, 0, 4;
    %store/vec4 v0x570428c927e0_0, 0, 4;
    %pushi/vec4 3, 0, 4;
    %store/vec4 v0x570428c928c0_0, 0, 4;
    %fork TD_testbench.test, S_0x570428c92570;
    %join;
    %pushi/vec4 13, 0, 4;
    %store/vec4 v0x570428c92700_0, 0, 4;
    %pushi/vec4 10, 0, 4;
    %store/vec4 v0x570428c927e0_0, 0, 4;
    %pushi/vec4 8, 0, 4;
    %store/vec4 v0x570428c928c0_0, 0, 4;
    %fork TD_testbench.test, S_0x570428c92570;
    %join;
    %pushi/vec4 2, 0, 4;
    %store/vec4 v0x570428c92700_0, 0, 4;
    %pushi/vec4 1, 0, 4;
    %store/vec4 v0x570428c927e0_0, 0, 4;
    %pushi/vec4 3, 0, 4;
    %store/vec4 v0x570428c928c0_0, 0, 4;
    %fork TD_testbench.test, S_0x570428c92570;
    %join;
    %pushi/vec4 14, 0, 4;
    %store/vec4 v0x570428c92700_0, 0, 4;
    %pushi/vec4 1, 0, 4;
    %store/vec4 v0x570428c927e0_0, 0, 4;
    %pushi/vec4 15, 0, 4;
    %store/vec4 v0x570428c928c0_0, 0, 4;
    %fork TD_testbench.test, S_0x570428c92570;
    %join;
    %pushi/vec4 2, 0, 4;
    %store/vec4 v0x570428c92700_0, 0, 4;
    %pushi/vec4 15, 0, 4;
    %store/vec4 v0x570428c927e0_0, 0, 4;
    %pushi/vec4 1, 0, 4;
    %store/vec4 v0x570428c928c0_0, 0, 4;
    %fork TD_testbench.test, S_0x570428c92570;
    %join;
    %pushi/vec4 14, 0, 4;
    %store/vec4 v0x570428c92700_0, 0, 4;
    %pushi/vec4 15, 0, 4;
    %store/vec4 v0x570428c927e0_0, 0, 4;
    %pushi/vec4 13, 0, 4;
    %store/vec4 v0x570428c928c0_0, 0, 4;
    %fork TD_testbench.test, S_0x570428c92570;
    %join;
    %pushi/vec4 7, 0, 4;
    %store/vec4 v0x570428c92700_0, 0, 4;
    %pushi/vec4 4, 0, 4;
    %store/vec4 v0x570428c927e0_0, 0, 4;
    %pushi/vec4 7, 0, 4;
    %store/vec4 v0x570428c928c0_0, 0, 4;
    %fork TD_testbench.test, S_0x570428c92570;
    %join;
    %pushi/vec4 9, 0, 4;
    %store/vec4 v0x570428c92700_0, 0, 4;
    %pushi/vec4 4, 0, 4;
    %store/vec4 v0x570428c927e0_0, 0, 4;
    %pushi/vec4 13, 0, 4;
    %store/vec4 v0x570428c928c0_0, 0, 4;
    %fork TD_testbench.test, S_0x570428c92570;
    %join;
    %pushi/vec4 7, 0, 4;
    %store/vec4 v0x570428c92700_0, 0, 4;
    %pushi/vec4 12, 0, 4;
    %store/vec4 v0x570428c927e0_0, 0, 4;
    %pushi/vec4 3, 0, 4;
    %store/vec4 v0x570428c928c0_0, 0, 4;
    %fork TD_testbench.test, S_0x570428c92570;
    %join;
    %pushi/vec4 9, 0, 4;
    %store/vec4 v0x570428c92700_0, 0, 4;
    %pushi/vec4 12, 0, 4;
    %store/vec4 v0x570428c927e0_0, 0, 4;
    %pushi/vec4 8, 0, 4;
    %store/vec4 v0x570428c928c0_0, 0, 4;
    %fork TD_testbench.test, S_0x570428c92570;
    %join;
    %pushi/vec4 5, 0, 4;
    %store/vec4 v0x570428c92700_0, 0, 4;
    %pushi/vec4 3, 0, 4;
    %store/vec4 v0x570428c927e0_0, 0, 4;
    %pushi/vec4 7, 0, 4;
    %store/vec4 v0x570428c928c0_0, 0, 4;
    %fork TD_testbench.test, S_0x570428c92570;
    %join;
    %pushi/vec4 11, 0, 4;
    %store/vec4 v0x570428c92700_0, 0, 4;
    %pushi/vec4 3, 0, 4;
    %store/vec4 v0x570428c927e0_0, 0, 4;
    %pushi/vec4 14, 0, 4;
    %store/vec4 v0x570428c928c0_0, 0, 4;
    %fork TD_testbench.test, S_0x570428c92570;
    %join;
    %pushi/vec4 5, 0, 4;
    %store/vec4 v0x570428c92700_0, 0, 4;
    %pushi/vec4 13, 0, 4;
    %store/vec4 v0x570428c927e0_0, 0, 4;
    %pushi/vec4 2, 0, 4;
    %store/vec4 v0x570428c928c0_0, 0, 4;
    %fork TD_testbench.test, S_0x570428c92570;
    %join;
    %pushi/vec4 11, 0, 4;
    %store/vec4 v0x570428c92700_0, 0, 4;
    %pushi/vec4 13, 0, 4;
    %store/vec4 v0x570428c927e0_0, 0, 4;
    %pushi/vec4 8, 0, 4;
    %store/vec4 v0x570428c928c0_0, 0, 4;
    %fork TD_testbench.test, S_0x570428c92570;
    %join;
    %pushi/vec4 6, 0, 4;
    %store/vec4 v0x570428c92700_0, 0, 4;
    %pushi/vec4 3, 0, 4;
    %store/vec4 v0x570428c927e0_0, 0, 4;
    %pushi/vec4 7, 0, 4;
    %store/vec4 v0x570428c928c0_0, 0, 4;
    %fork TD_testbench.test, S_0x570428c92570;
    %join;
    %pushi/vec4 10, 0, 4;
    %store/vec4 v0x570428c92700_0, 0, 4;
    %pushi/vec4 3, 0, 4;
    %store/vec4 v0x570428c927e0_0, 0, 4;
    %pushi/vec4 13, 0, 4;
    %store/vec4 v0x570428c928c0_0, 0, 4;
    %fork TD_testbench.test, S_0x570428c92570;
    %join;
    %pushi/vec4 6, 0, 4;
    %store/vec4 v0x570428c92700_0, 0, 4;
    %pushi/vec4 13, 0, 4;
    %store/vec4 v0x570428c927e0_0, 0, 4;
    %pushi/vec4 3, 0, 4;
    %store/vec4 v0x570428c928c0_0, 0, 4;
    %fork TD_testbench.test, S_0x570428c92570;
    %join;
    %pushi/vec4 10, 0, 4;
    %store/vec4 v0x570428c92700_0, 0, 4;
    %pushi/vec4 13, 0, 4;
    %store/vec4 v0x570428c927e0_0, 0, 4;
    %pushi/vec4 8, 0, 4;
    %store/vec4 v0x570428c928c0_0, 0, 4;
    %fork TD_testbench.test, S_0x570428c92570;
    %join;
    %pushi/vec4 1, 0, 4;
    %store/vec4 v0x570428c92700_0, 0, 4;
    %pushi/vec4 1, 0, 4;
    %store/vec4 v0x570428c927e0_0, 0, 4;
    %pushi/vec4 2, 0, 4;
    %store/vec4 v0x570428c928c0_0, 0, 4;
    %fork TD_testbench.test, S_0x570428c92570;
    %join;
    %pushi/vec4 1, 0, 4;
    %store/vec4 v0x570428c92700_0, 0, 4;
    %pushi/vec4 15, 0, 4;
    %store/vec4 v0x570428c927e0_0, 0, 4;
    %pushi/vec4 0, 0, 4;
    %store/vec4 v0x570428c928c0_0, 0, 4;
    %fork TD_testbench.test, S_0x570428c92570;
    %join;
    %pushi/vec4 15, 0, 4;
    %store/vec4 v0x570428c92700_0, 0, 4;
    %pushi/vec4 1, 0, 4;
    %store/vec4 v0x570428c927e0_0, 0, 4;
    %pushi/vec4 0, 0, 4;
    %store/vec4 v0x570428c928c0_0, 0, 4;
    %fork TD_testbench.test, S_0x570428c92570;
    %join;
    %pushi/vec4 15, 0, 4;
    %store/vec4 v0x570428c92700_0, 0, 4;
    %pushi/vec4 15, 0, 4;
    %store/vec4 v0x570428c927e0_0, 0, 4;
    %pushi/vec4 14, 0, 4;
    %store/vec4 v0x570428c928c0_0, 0, 4;
    %fork TD_testbench.test, S_0x570428c92570;
    %join;
    %pushi/vec4 4, 0, 4;
    %store/vec4 v0x570428c92700_0, 0, 4;
    %pushi/vec4 4, 0, 4;
    %store/vec4 v0x570428c927e0_0, 0, 4;
    %pushi/vec4 7, 0, 4;
    %store/vec4 v0x570428c928c0_0, 0, 4;
    %fork TD_testbench.test, S_0x570428c92570;
    %join;
    %pushi/vec4 4, 0, 4;
    %store/vec4 v0x570428c92700_0, 0, 4;
    %pushi/vec4 12, 0, 4;
    %store/vec4 v0x570428c927e0_0, 0, 4;
    %pushi/vec4 0, 0, 4;
    %store/vec4 v0x570428c928c0_0, 0, 4;
    %fork TD_testbench.test, S_0x570428c92570;
    %join;
    %pushi/vec4 12, 0, 4;
    %store/vec4 v0x570428c92700_0, 0, 4;
    %pushi/vec4 4, 0, 4;
    %store/vec4 v0x570428c927e0_0, 0, 4;
    %pushi/vec4 0, 0, 4;
    %store/vec4 v0x570428c928c0_0, 0, 4;
    %fork TD_testbench.test, S_0x570428c92570;
    %join;
    %pushi/vec4 12, 0, 4;
    %store/vec4 v0x570428c92700_0, 0, 4;
    %pushi/vec4 12, 0, 4;
    %store/vec4 v0x570428c927e0_0, 0, 4;
    %pushi/vec4 8, 0, 4;
    %store/vec4 v0x570428c928c0_0, 0, 4;
    %fork TD_testbench.test, S_0x570428c92570;
    %join;
    %vpi_call/w 4 88 "$display", "PASS %s", "testbench.sv" {0 0 0};
    %vpi_call/w 4 89 "$finish" {0 0 0};
    %end;
    .thread T_1;
# The file index is used to find the file name in the following table.
:file_names 5;
    "N/A";
    "<interactive>";
    "-";
    "03_02_signed_add_with_saturation.sv";
    "testbench.sv";
