#! /usr/bin/vvp
:ivl_version "12.0 (stable)";
:ivl_delay_selection "TYPICAL";
:vpi_time_precision + 0;
:vpi_module "/usr/lib/x86_64-linux-gnu/ivl/system.vpi";
:vpi_module "/usr/lib/x86_64-linux-gnu/ivl/vhdl_sys.vpi";
:vpi_module "/usr/lib/x86_64-linux-gnu/ivl/vhdl_textio.vpi";
:vpi_module "/usr/lib/x86_64-linux-gnu/ivl/v2005_math.vpi";
:vpi_module "/usr/lib/x86_64-linux-gnu/ivl/va_math.vpi";
:vpi_module "/usr/lib/x86_64-linux-gnu/ivl/v2009.vpi";
S_0x566e92122450 .scope package, "$unit" "$unit" 2 1;
 .timescale 0 0;
S_0x566e92125490 .scope module, "testbench" "testbench" 3 1;
 .timescale 0 0;
P_0x566e9211b750 .param/l "N" 1 3 3, +C4<00000000000000000000000000001000>;
P_0x566e9211b790 .param/l "S" 1 3 3, +C4<00000000000000000000000000000011>;
v0x566e92155170_0 .var/s "a", 7 0;
v0x566e92155230 .array "res", 3 0;
v0x566e92155230_0 .net/s v0x566e92155230 0, 7 0, L_0x566e92155520; 1 drivers
v0x566e92155230_1 .net/s v0x566e92155230 1, 7 0, L_0x566e92155920; 1 drivers
v0x566e92155230_2 .net/s v0x566e92155230 2, 7 0, v0x566e92151c50_0; 1 drivers
v0x566e92155230_3 .net/s v0x566e92155230 3, 7 0, L_0x566e92155ff0; 1 drivers
S_0x566e921256c0 .scope begin, "$ivl_for_loop1" "$ivl_for_loop1" 3 35, 3 35 0, S_0x566e92125490;
 .timescale 0 0;
v0x566e9211dbc0_0 .var/2s "i", 31 0;
S_0x566e92150500 .scope begin, "$ivl_for_loop2" "$ivl_for_loop2" 3 40, 3 40 0, S_0x566e92125490;
 .timescale 0 0;
v0x566e9211e210_0 .var/2s "i", 31 0;
S_0x566e92150740 .scope module, "i4" "arithmetic_right_shift_of_N_by_S_using_arithmetic_right_shift_operation" 3 8, 4 5 0, S_0x566e92125490;
 .timescale 0 0;
    .port_info 0 /INPUT 8 "a";
    .port_info 1 /OUTPUT 8 "res";
P_0x566e92122ec0 .param/l "N" 0 4 6, +C4<00000000000000000000000000001000>;
P_0x566e92122f00 .param/l "S" 0 4 6, +C4<00000000000000000000000000000011>;
L_0x566e921553b0 .functor BUFZ 8, v0x566e92155170_0, C4<00000000>, C4<00000000>, C4<00000000>;
v0x566e9211e880_0 .net *"_ivl_4", 4 0, L_0x566e92155450;  1 drivers
v0x566e9211ee60_0 .net "a", 7 0, v0x566e92155170_0;  1 drivers
v0x566e9211f440_0 .net/s "as", 7 0, L_0x566e921553b0;  1 drivers
v0x566e9211fa20_0 .net "res", 7 0, L_0x566e92155520;  alias, 1 drivers
L_0x566e92155450 .part L_0x566e921553b0, 3, 5;
L_0x566e92155520 .extend/s 8, L_0x566e92155450;
S_0x566e92150be0 .scope module, "i5" "arithmetic_right_shift_of_N_by_S_using_concatenation" 3 11, 4 18 0, S_0x566e92125490;
 .timescale 0 0;
    .port_info 0 /INPUT 8 "a";
    .port_info 1 /OUTPUT 8 "res";
P_0x566e92150970 .param/l "N" 0 4 19, +C4<00000000000000000000000000001000>;
P_0x566e921509b0 .param/l "S" 0 4 19, +C4<00000000000000000000000000000011>;
v0x566e92150f50_0 .net *"_ivl_1", 0 0, L_0x566e92155660;  1 drivers
v0x566e92151050_0 .net *"_ivl_2", 2 0, L_0x566e92155700;  1 drivers
v0x566e92151130_0 .net *"_ivl_5", 4 0, L_0x566e92155880;  1 drivers
v0x566e92151220_0 .net "a", 7 0, v0x566e92155170_0;  alias, 1 drivers
v0x566e92151310_0 .net "res", 7 0, L_0x566e92155920;  alias, 1 drivers
L_0x566e92155660 .part v0x566e92155170_0, 7, 1;
L_0x566e92155700 .concat [ 1 1 1 0], L_0x566e92155660, L_0x566e92155660, L_0x566e92155660;
L_0x566e92155880 .part v0x566e92155170_0, 3, 5;
L_0x566e92155920 .concat [ 5 3 0 0], L_0x566e92155880, L_0x566e92155700;
S_0x566e92151480 .scope module, "i6" "arithmetic_right_shift_of_N_by_S_using_for_inside_always" 3 14, 4 37 0, S_0x566e92125490;
 .timescale 0 0;
    .port_info 0 /INPUT 8 "a";
    .port_info 1 /OUTPUT 8 "res";
P_0x566e92150e10 .param/l "N" 0 4 38, +C4<00000000000000000000000000001000>;
P_0x566e92150e50 .param/l "S" 0 4 38, +C4<00000000000000000000000000000011>;
v0x566e92151b20_0 .net "a", 7 0, v0x566e92155170_0;  alias, 1 drivers
v0x566e92151c50_0 .var "res", 7 0;
E_0x566e92124f90 .event anyedge, v0x566e9211ee60_0, v0x566e9211ee60_0;
S_0x566e92151820 .scope begin, "$ivl_for_loop0" "$ivl_for_loop0" 4 49, 4 49 0, S_0x566e92151480;
 .timescale 0 0;
v0x566e92151a20_0 .var/2s "i", 31 0;
S_0x566e92151d90 .scope module, "i7" "arithmetic_right_shift_of_N_by_S_using_for_inside_generate" 3 17, 4 55 0, S_0x566e92125490;
 .timescale 0 0;
    .port_info 0 /INPUT 8 "a";
    .port_info 1 /OUTPUT 8 "res";
P_0x566e92151700 .param/l "N" 0 4 56, +C4<00000000000000000000000000001000>;
P_0x566e92151740 .param/l "S" 0 4 56, +C4<00000000000000000000000000000011>;
v0x566e92154f50_0 .net "a", 7 0, v0x566e92155170_0;  alias, 1 drivers
v0x566e92155030_0 .net "res", 7 0, L_0x566e92155ff0;  alias, 1 drivers
L_0x566e92155a90 .part v0x566e92155170_0, 7, 1;
L_0x566e92155b30 .part v0x566e92155170_0, 7, 1;
L_0x566e92155bd0 .part v0x566e92155170_0, 7, 1;
L_0x566e92155c70 .part v0x566e92155170_0, 7, 1;
L_0x566e92155d70 .part v0x566e92155170_0, 6, 1;
L_0x566e92155e40 .part v0x566e92155170_0, 5, 1;
L_0x566e92155f50 .part v0x566e92155170_0, 4, 1;
LS_0x566e92155ff0_0_0 .concat8 [ 1 1 1 1], L_0x566e921563b0, L_0x566e92155f50, L_0x566e92155e40, L_0x566e92155d70;
LS_0x566e92155ff0_0_4 .concat8 [ 1 1 1 1], L_0x566e92155c70, L_0x566e92155bd0, L_0x566e92155b30, L_0x566e92155a90;
L_0x566e92155ff0 .concat8 [ 4 4 0 0], LS_0x566e92155ff0_0_0, LS_0x566e92155ff0_0_4;
L_0x566e921563b0 .part v0x566e92155170_0, 3, 1;
S_0x566e921520d0 .scope generate, "genblk1[0]" "genblk1[0]" 4 65, 4 65 0, S_0x566e92151d90;
 .timescale 0 0;
P_0x566e921522f0 .param/l "i" 1 4 65, +C4<00>;
S_0x566e921523d0 .scope generate, "shited_bit_gen" "shited_bit_gen" 4 66, 4 66 0, S_0x566e921520d0;
 .timescale 0 0;
v0x566e921525b0_0 .net *"_ivl_0", 0 0, L_0x566e921563b0;  1 drivers
S_0x566e921526b0 .scope generate, "genblk1[1]" "genblk1[1]" 4 65, 4 65 0, S_0x566e92151d90;
 .timescale 0 0;
P_0x566e921528d0 .param/l "i" 1 4 65, +C4<01>;
S_0x566e92152990 .scope generate, "shited_bit_gen" "shited_bit_gen" 4 66, 4 66 0, S_0x566e921526b0;
 .timescale 0 0;
v0x566e92152b70_0 .net *"_ivl_0", 0 0, L_0x566e92155f50;  1 drivers
S_0x566e92152c70 .scope generate, "genblk1[2]" "genblk1[2]" 4 65, 4 65 0, S_0x566e92151d90;
 .timescale 0 0;
P_0x566e92152ea0 .param/l "i" 1 4 65, +C4<010>;
S_0x566e92152f60 .scope generate, "shited_bit_gen" "shited_bit_gen" 4 66, 4 66 0, S_0x566e92152c70;
 .timescale 0 0;
v0x566e92153140_0 .net *"_ivl_0", 0 0, L_0x566e92155e40;  1 drivers
S_0x566e92153240 .scope generate, "genblk1[3]" "genblk1[3]" 4 65, 4 65 0, S_0x566e92151d90;
 .timescale 0 0;
P_0x566e92153440 .param/l "i" 1 4 65, +C4<011>;
S_0x566e92153520 .scope generate, "shited_bit_gen" "shited_bit_gen" 4 66, 4 66 0, S_0x566e92153240;
 .timescale 0 0;
v0x566e92153700_0 .net *"_ivl_0", 0 0, L_0x566e92155d70;  1 drivers
S_0x566e92153800 .scope generate, "genblk1[4]" "genblk1[4]" 4 65, 4 65 0, S_0x566e92151d90;
 .timescale 0 0;
P_0x566e92153a50 .param/l "i" 1 4 65, +C4<0100>;
S_0x566e92153b30 .scope generate, "shited_bit_gen" "shited_bit_gen" 4 66, 4 66 0, S_0x566e92153800;
 .timescale 0 0;
v0x566e92153d10_0 .net *"_ivl_0", 0 0, L_0x566e92155c70;  1 drivers
S_0x566e92153e10 .scope generate, "genblk1[5]" "genblk1[5]" 4 65, 4 65 0, S_0x566e92151d90;
 .timescale 0 0;
P_0x566e92154010 .param/l "i" 1 4 65, +C4<0101>;
S_0x566e921540f0 .scope generate, "zero_bit_gen" "zero_bit_gen" 4 66, 4 66 0, S_0x566e92153e10;
 .timescale 0 0;
v0x566e921542d0_0 .net *"_ivl_0", 0 0, L_0x566e92155bd0;  1 drivers
S_0x566e921543d0 .scope generate, "genblk1[6]" "genblk1[6]" 4 65, 4 65 0, S_0x566e92151d90;
 .timescale 0 0;
P_0x566e921545d0 .param/l "i" 1 4 65, +C4<0110>;
S_0x566e921546b0 .scope generate, "zero_bit_gen" "zero_bit_gen" 4 66, 4 66 0, S_0x566e921543d0;
 .timescale 0 0;
v0x566e92154890_0 .net *"_ivl_0", 0 0, L_0x566e92155b30;  1 drivers
S_0x566e92154990 .scope generate, "genblk1[7]" "genblk1[7]" 4 65, 4 65 0, S_0x566e92151d90;
 .timescale 0 0;
P_0x566e92154b90 .param/l "i" 1 4 65, +C4<0111>;
S_0x566e92154c70 .scope generate, "zero_bit_gen" "zero_bit_gen" 4 66, 4 66 0, S_0x566e92154990;
 .timescale 0 0;
v0x566e92154e50_0 .net *"_ivl_0", 0 0, L_0x566e92155a90;  1 drivers
    .scope S_0x566e92151480;
T_0 ;
Ewait_0 .event/or E_0x566e92124f90, E_0x0;
    %wait Ewait_0;
    %fork t_1, S_0x566e92151820;
    %jmp t_0;
    .scope S_0x566e92151820;
t_1 ;
    %pushi/vec4 7, 0, 32;
    %store/vec4 v0x566e92151a20_0, 0, 32;
T_0.0 ;
    %load/vec4 v0x566e92151a20_0;
    %cmpi/s 0, 0, 32;
    %flag_inv 5; GE is !LT
    %jmp/0xz T_0.1, 5;
    %load/vec4 v0x566e92151a20_0;
    %cmpi/s 5, 0, 32;
    %flag_inv 5; GE is !LT
    %flag_mov 8, 5;
    %jmp/0 T_0.2, 8;
    %load/vec4 v0x566e92151b20_0;
    %parti/s 1, 7, 4;
    %jmp/1 T_0.3, 8;
T_0.2 ; End of true expr.
    %load/vec4 v0x566e92151b20_0;
    %load/vec4 v0x566e92151a20_0;
    %addi 3, 0, 32;
    %part/s 1;
    %jmp/0 T_0.3, 8;
 ; End of false expr.
    %blend;
T_0.3;
    %ix/getv/s 4, v0x566e92151a20_0;
    %store/vec4 v0x566e92151c50_0, 4, 1;
    ; show_stmt_assign_vector: Get l-value for compressed -= operand
    %load/vec4 v0x566e92151a20_0;
    %pushi/vec4 1, 0, 32;
    %sub;
    %cast2;
    %store/vec4 v0x566e92151a20_0, 0, 32;
    %jmp T_0.0;
T_0.1 ;
    %end;
    .scope S_0x566e92151480;
t_0 %join;
    %jmp T_0;
    .thread T_0, $push;
    .scope S_0x566e92125490;
T_1 ;
    %pushi/vec4 20, 0, 32;
T_1.0 %dup/vec4;
    %pushi/vec4 0, 0, 32;
    %cmp/s;
    %jmp/1xz T_1.1, 5;
    %jmp/1 T_1.1, 4;
    %pushi/vec4 1, 0, 32;
    %sub;
    %vpi_func 3 30 "$urandom" 32 {0 0 0};
    %pad/u 8;
    %store/vec4 v0x566e92155170_0, 0, 8;
    %delay 1, 0;
    %vpi_call/w 3 33 "$write", "TEST %d %b", v0x566e92155170_0, v0x566e92155170_0 {0 0 0};
    %fork t_3, S_0x566e921256c0;
    %jmp t_2;
    .scope S_0x566e921256c0;
t_3 ;
    %pushi/vec4 0, 0, 32;
    %store/vec4 v0x566e9211dbc0_0, 0, 32;
T_1.2 ;
    %load/vec4 v0x566e9211dbc0_0;
    %cmpi/s 4, 0, 32;
    %jmp/0xz T_1.3, 5;
    %vpi_call/w 3 36 "$write", " %d %b", &A<v0x566e92155230, v0x566e9211dbc0_0 >, &A<v0x566e92155230, v0x566e9211dbc0_0 > {0 0 0};
    ; show_stmt_assign_vector: Get l-value for compressed += operand
    %load/vec4 v0x566e9211dbc0_0;
    %pushi/vec4 1, 0, 32;
    %add;
    %cast2;
    %store/vec4 v0x566e9211dbc0_0, 0, 32;
    %jmp T_1.2;
T_1.3 ;
    %end;
    .scope S_0x566e92125490;
t_2 %join;
    %vpi_call/w 3 38 "$display" {0 0 0};
    %fork t_5, S_0x566e92150500;
    %jmp t_4;
    .scope S_0x566e92150500;
t_5 ;
    %pushi/vec4 1, 0, 32;
    %store/vec4 v0x566e9211e210_0, 0, 32;
T_1.4 ;
    %load/vec4 v0x566e9211e210_0;
    %cmpi/s 4, 0, 32;
    %jmp/0xz T_1.5, 5;
    %ix/getv/s 4, v0x566e9211e210_0;
    %load/vec4a v0x566e92155230, 4;
    %ix/load 4, 0, 0;
    %flag_set/imm 4, 0;
    %load/vec4a v0x566e92155230, 4;
    %cmp/ne;
    %jmp/0xz  T_1.6, 6;
    %vpi_call/w 3 43 "$display", "FAIL %s. EXPECTED %d %b", "testbench.sv", v0x566e92155230_0, v0x566e92155230_0 {0 0 0};
    %vpi_call/w 3 46 "$finish" {0 0 0};
T_1.6 ;
    ; show_stmt_assign_vector: Get l-value for compressed += operand
    %load/vec4 v0x566e9211e210_0;
    %pushi/vec4 1, 0, 32;
    %add;
    %cast2;
    %store/vec4 v0x566e9211e210_0, 0, 32;
    %jmp T_1.4;
T_1.5 ;
    %end;
    .scope S_0x566e92125490;
t_4 %join;
    %jmp T_1.0;
T_1.1 ;
    %pop/vec4 1;
    %vpi_call/w 3 60 "$display", "PASS %s", "testbench.sv" {0 0 0};
    %vpi_call/w 3 61 "$finish" {0 0 0};
    %end;
    .thread T_1;
# The file index is used to find the file name in the following table.
:file_names 5;
    "N/A";
    "<interactive>";
    "-";
    "testbench.sv";
    "03_06_arithmetic_shift_or_signed_divide_by_power_of_2.sv";
