#! /usr/bin/vvp
:ivl_version "12.0 (stable)";
:ivl_delay_selection "TYPICAL";
:vpi_time_precision + 0;
:vpi_module "/usr/lib/x86_64-linux-gnu/ivl/system.vpi";
:vpi_module "/usr/lib/x86_64-linux-gnu/ivl/vhdl_sys.vpi";
:vpi_module "/usr/lib/x86_64-linux-gnu/ivl/vhdl_textio.vpi";
:vpi_module "/usr/lib/x86_64-linux-gnu/ivl/v2005_math.vpi";
:vpi_module "/usr/lib/x86_64-linux-gnu/ivl/va_math.vpi";
:vpi_module "/usr/lib/x86_64-linux-gnu/ivl/v2009.vpi";
S_0x5c92b32b6490 .scope package, "$unit" "$unit" 2 1;
 .timescale 0 0;
S_0x5c92b32b6620 .scope module, "double_tokens" "double_tokens" 3 5;
 .timescale 0 0;
    .port_info 0 /INPUT 1 "clk";
    .port_info 1 /INPUT 1 "rst";
    .port_info 2 /INPUT 1 "a";
    .port_info 3 /OUTPUT 1 "b";
    .port_info 4 /OUTPUT 1 "overflow";
L_0x5c92b3302b30 .functor BUFZ 1, v0x5c92b3302910_0, C4<0>, C4<0>, C4<0>;
L_0x5c92b3302bf0 .functor BUFZ 1, v0x5c92b3302850_0, C4<0>, C4<0>, C4<0>;
o0x7b3196eb7018 .functor BUFZ 1, C4<z>; HiZ drive
v0x5c92b32b7d20_0 .net "a", 0 0, o0x7b3196eb7018;  0 drivers
v0x5c92b32b8400_0 .net "b", 0 0, L_0x5c92b3302b30;  1 drivers
o0x7b3196eb7078 .functor BUFZ 1, C4<z>; HiZ drive
v0x5c92b3302590_0 .net "clk", 0 0, o0x7b3196eb7078;  0 drivers
v0x5c92b3302660_0 .var "cntr", 7 0;
v0x5c92b3302740_0 .net "overflow", 0 0, L_0x5c92b3302bf0;  1 drivers
v0x5c92b3302850_0 .var "overflow_clear", 0 0;
v0x5c92b3302910_0 .var "ron", 0 0;
o0x7b3196eb7168 .functor BUFZ 1, C4<z>; HiZ drive
v0x5c92b33029d0_0 .net "rst", 0 0, o0x7b3196eb7168;  0 drivers
E_0x5c92b32f0030 .event posedge, v0x5c92b3302590_0;
    .scope S_0x5c92b32b6620;
T_0 ;
    %pushi/vec4 0, 0, 8;
    %store/vec4 v0x5c92b3302660_0, 0, 8;
    %end;
    .thread T_0, $init;
    .scope S_0x5c92b32b6620;
T_1 ;
    %wait E_0x5c92b32f0030;
    %load/vec4 v0x5c92b33029d0_0;
    %flag_set/vec4 8;
    %jmp/0xz  T_1.0, 8;
    %pushi/vec4 0, 0, 1;
    %assign/vec4 v0x5c92b3302850_0, 0;
T_1.0 ;
    %load/vec4 v0x5c92b3302740_0;
    %inv;
    %flag_set/vec4 8;
    %jmp/0xz  T_1.2, 8;
    %load/vec4 v0x5c92b3302660_0;
    %pad/u 32;
    %cmpi/u 200, 0, 32;
    %flag_or 5, 4; GT is !LE
    %flag_inv 5;
    %jmp/0xz  T_1.4, 5;
    %pushi/vec4 1, 0, 1;
    %assign/vec4 v0x5c92b3302850_0, 0;
    %jmp T_1.5;
T_1.4 ;
    %load/vec4 v0x5c92b32b7d20_0;
    %flag_set/vec4 8;
    %jmp/0xz  T_1.6, 8;
    ; show_stmt_assign_vector: Get l-value for compressed += operand
    %load/vec4 v0x5c92b3302660_0;
    %pushi/vec4 2, 0, 8;
    %add;
    %store/vec4 v0x5c92b3302660_0, 0, 8;
T_1.6 ;
    %load/vec4 v0x5c92b3302660_0;
    %cmpi/ne 0, 0, 8;
    %jmp/0xz  T_1.8, 4;
    %pushi/vec4 1, 0, 1;
    %assign/vec4 v0x5c92b3302910_0, 0;
    ; show_stmt_assign_vector: Get l-value for compressed -= operand
    %load/vec4 v0x5c92b3302660_0;
    %pushi/vec4 1, 0, 8;
    %sub;
    %store/vec4 v0x5c92b3302660_0, 0, 8;
    %jmp T_1.9;
T_1.8 ;
    %pushi/vec4 0, 0, 1;
    %assign/vec4 v0x5c92b3302910_0, 0;
T_1.9 ;
T_1.5 ;
T_1.2 ;
    %jmp T_1;
    .thread T_1;
# The file index is used to find the file name in the following table.
:file_names 4;
    "N/A";
    "<interactive>";
    "-";
    "04_03_double_tokens.sv";
