#! /usr/bin/vvp
:ivl_version "12.0 (stable)";
:ivl_delay_selection "TYPICAL";
:vpi_time_precision + 0;
:vpi_module "/usr/lib/x86_64-linux-gnu/ivl/system.vpi";
:vpi_module "/usr/lib/x86_64-linux-gnu/ivl/vhdl_sys.vpi";
:vpi_module "/usr/lib/x86_64-linux-gnu/ivl/vhdl_textio.vpi";
:vpi_module "/usr/lib/x86_64-linux-gnu/ivl/v2005_math.vpi";
:vpi_module "/usr/lib/x86_64-linux-gnu/ivl/va_math.vpi";
:vpi_module "/usr/lib/x86_64-linux-gnu/ivl/v2009.vpi";
S_0x56c6e6a2d280 .scope package, "$unit" "$unit" 2 1;
 .timescale 0 0;
S_0x56c6e6a3dbc0 .scope module, "add" "add" 3 5;
 .timescale 0 0;
    .port_info 0 /INPUT 4 "a";
    .port_info 1 /INPUT 4 "b";
    .port_info 2 /OUTPUT 4 "sum";
o0x7a6825ce6018 .functor BUFZ 4, C4<zzzz>; HiZ drive
v0x56c6e6a3df30_0 .net "a", 3 0, o0x7a6825ce6018;  0 drivers
o0x7a6825ce6048 .functor BUFZ 4, C4<zzzz>; HiZ drive
v0x56c6e6a69b80_0 .net "b", 3 0, o0x7a6825ce6048;  0 drivers
v0x56c6e6a69c60_0 .net "sum", 3 0, L_0x56c6e6a6b1c0;  1 drivers
L_0x56c6e6a6b1c0 .arith/sum 4, o0x7a6825ce6018, o0x7a6825ce6048;
S_0x56c6e6a3dda0 .scope module, "testbench" "testbench" 4 1;
 .timescale 0 0;
v0x56c6e6a6ae10_0 .var/s "a", 3 0;
v0x56c6e6a6af20_0 .var/s "b", 3 0;
v0x56c6e6a6aff0_0 .net "overflow", 0 0, L_0x56c6e6a6b9c0;  1 drivers
v0x56c6e6a6b0f0_0 .net/s "sum", 3 0, L_0x56c6e6a6b360;  1 drivers
S_0x56c6e6a69da0 .scope module, "inst" "signed_add_with_overflow" 4 6, 3 19 0, S_0x56c6e6a3dda0;
 .timescale 0 0;
    .port_info 0 /INPUT 4 "a";
    .port_info 1 /INPUT 4 "b";
    .port_info 2 /OUTPUT 4 "sum";
    .port_info 3 /OUTPUT 1 "overflow";
L_0x56c6e6a6b260 .functor XNOR 1, L_0x56c6e6a6b4f0, L_0x56c6e6a6b590, C4<0>, C4<0>;
L_0x56c6e6a6b8d0 .functor XOR 1, L_0x56c6e6a6b6d0, L_0x56c6e6a6b7a0, C4<0>, C4<0>;
L_0x56c6e6a6b9c0 .functor AND 1, L_0x56c6e6a6b260, L_0x56c6e6a6b8d0, C4<1>, C4<1>;
v0x56c6e6a69ff0_0 .net *"_ivl_11", 0 0, L_0x56c6e6a6b7a0;  1 drivers
v0x56c6e6a6a0f0_0 .net *"_ivl_12", 0 0, L_0x56c6e6a6b8d0;  1 drivers
v0x56c6e6a6a1b0_0 .net *"_ivl_3", 0 0, L_0x56c6e6a6b4f0;  1 drivers
v0x56c6e6a6a270_0 .net *"_ivl_5", 0 0, L_0x56c6e6a6b590;  1 drivers
v0x56c6e6a6a350_0 .net *"_ivl_6", 0 0, L_0x56c6e6a6b260;  1 drivers
v0x56c6e6a6a460_0 .net *"_ivl_9", 0 0, L_0x56c6e6a6b6d0;  1 drivers
v0x56c6e6a6a540_0 .net "a", 3 0, v0x56c6e6a6ae10_0;  1 drivers
v0x56c6e6a6a620_0 .net "b", 3 0, v0x56c6e6a6af20_0;  1 drivers
v0x56c6e6a6a700_0 .net "overflow", 0 0, L_0x56c6e6a6b9c0;  alias, 1 drivers
v0x56c6e6a6a7c0_0 .net "sum", 3 0, L_0x56c6e6a6b360;  alias, 1 drivers
L_0x56c6e6a6b360 .arith/sum 4, v0x56c6e6a6ae10_0, v0x56c6e6a6af20_0;
L_0x56c6e6a6b4f0 .part v0x56c6e6a6ae10_0, 3, 1;
L_0x56c6e6a6b590 .part v0x56c6e6a6af20_0, 3, 1;
L_0x56c6e6a6b6d0 .part L_0x56c6e6a6b360, 3, 1;
L_0x56c6e6a6b7a0 .part v0x56c6e6a6ae10_0, 3, 1;
S_0x56c6e6a6a920 .scope task, "test" "test" 4 9, 4 9 0, S_0x56c6e6a3dda0;
 .timescale 0 0;
v0x56c6e6a6aad0_0 .var "t_a", 3 0;
v0x56c6e6a6abb0_0 .var "t_b", 3 0;
v0x56c6e6a6ac90_0 .var "t_overflow", 0 0;
v0x56c6e6a6ad30_0 .var "t_sum", 3 0;
TD_testbench.test ;
    %load/vec4 v0x56c6e6a6aad0_0;
    %load/vec4 v0x56c6e6a6abb0_0;
    %add;
    %store/vec4 v0x56c6e6a6ad30_0, 0, 4;
    %load/vec4 v0x56c6e6a6aad0_0;
    %load/vec4 v0x56c6e6a6abb0_0;
    %concat/vec4; draw_concat_vec4
    %split/vec4 4;
    %store/vec4 v0x56c6e6a6af20_0, 0, 4;
    %store/vec4 v0x56c6e6a6ae10_0, 0, 4;
    %delay 1, 0;
    %vpi_call/w 4 23 "$write", "TEST %d + %d = ", v0x56c6e6a6ae10_0, v0x56c6e6a6af20_0 {0 0 0};
    %load/vec4 v0x56c6e6a6aff0_0;
    %cmpi/e 1, 0, 1;
    %jmp/0xz  T_0.0, 6;
    %vpi_call/w 4 26 "$display", "overflow" {0 0 0};
    %jmp T_0.1;
T_0.0 ;
    %load/vec4 v0x56c6e6a6aff0_0;
    %cmpi/e 0, 0, 1;
    %jmp/0xz  T_0.2, 6;
    %vpi_call/w 4 28 "$display", "%d", v0x56c6e6a6b0f0_0 {0 0 0};
    %jmp T_0.3;
T_0.2 ;
    %vpi_call/w 4 31 "$display", "\012FAIL %s: overflow is %X", "testbench.sv", v0x56c6e6a6aff0_0 {0 0 0};
    %vpi_call/w 4 34 "$finish" {0 0 0};
T_0.3 ;
T_0.1 ;
    %load/vec4 v0x56c6e6a6aff0_0;
    %load/vec4 v0x56c6e6a6ac90_0;
    %cmp/ne;
    %jmp/0xz  T_0.4, 6;
    %load/vec4 v0x56c6e6a6ac90_0;
    %flag_set/vec4 8;
    %jmp/0 T_0.6, 8;
    %pushi/vec4 0, 0, 24; draw_string_vec4
    %jmp/1 T_0.7, 8;
T_0.6 ; End of true expr.
    %pushi/vec4 7237408, 0, 24; draw_string_vec4
    %jmp/0 T_0.7, 8;
 ; End of false expr.
    %blend;
T_0.7;
    %vpi_call/w 4 39 "$display", "FAIL %s: EXPECTED %soverflow", "testbench.sv", S<0,vec4,u24> {1 0 0};
    %vpi_call/w 4 42 "$finish" {0 0 0};
    %jmp T_0.5;
T_0.4 ;
    %load/vec4 v0x56c6e6a6b0f0_0;
    %load/vec4 v0x56c6e6a6ad30_0;
    %cmp/ne;
    %jmp/0xz  T_0.8, 6;
    %vpi_call/w 4 46 "$display", "FAIL %s: EXPECTED sum %d", "testbench.sv", v0x56c6e6a6ad30_0 {0 0 0};
    %vpi_call/w 4 48 "$finish" {0 0 0};
T_0.8 ;
T_0.5 ;
    %end;
    .scope S_0x56c6e6a3dda0;
T_1 ;
    %pushi/vec4 0, 0, 4;
    %store/vec4 v0x56c6e6a6aad0_0, 0, 4;
    %pushi/vec4 0, 0, 4;
    %store/vec4 v0x56c6e6a6abb0_0, 0, 4;
    %pushi/vec4 0, 0, 1;
    %store/vec4 v0x56c6e6a6ac90_0, 0, 1;
    %fork TD_testbench.test, S_0x56c6e6a6a920;
    %join;
    %pushi/vec4 1, 0, 4;
    %store/vec4 v0x56c6e6a6aad0_0, 0, 4;
    %pushi/vec4 2, 0, 4;
    %store/vec4 v0x56c6e6a6abb0_0, 0, 4;
    %pushi/vec4 0, 0, 1;
    %store/vec4 v0x56c6e6a6ac90_0, 0, 1;
    %fork TD_testbench.test, S_0x56c6e6a6a920;
    %join;
    %pushi/vec4 1, 0, 4;
    %store/vec4 v0x56c6e6a6aad0_0, 0, 4;
    %pushi/vec4 14, 0, 4;
    %store/vec4 v0x56c6e6a6abb0_0, 0, 4;
    %pushi/vec4 0, 0, 1;
    %store/vec4 v0x56c6e6a6ac90_0, 0, 1;
    %fork TD_testbench.test, S_0x56c6e6a6a920;
    %join;
    %pushi/vec4 15, 0, 4;
    %store/vec4 v0x56c6e6a6aad0_0, 0, 4;
    %pushi/vec4 2, 0, 4;
    %store/vec4 v0x56c6e6a6abb0_0, 0, 4;
    %pushi/vec4 0, 0, 1;
    %store/vec4 v0x56c6e6a6ac90_0, 0, 1;
    %fork TD_testbench.test, S_0x56c6e6a6a920;
    %join;
    %pushi/vec4 15, 0, 4;
    %store/vec4 v0x56c6e6a6aad0_0, 0, 4;
    %pushi/vec4 14, 0, 4;
    %store/vec4 v0x56c6e6a6abb0_0, 0, 4;
    %pushi/vec4 0, 0, 1;
    %store/vec4 v0x56c6e6a6ac90_0, 0, 1;
    %fork TD_testbench.test, S_0x56c6e6a6a920;
    %join;
    %pushi/vec4 4, 0, 4;
    %store/vec4 v0x56c6e6a6aad0_0, 0, 4;
    %pushi/vec4 7, 0, 4;
    %store/vec4 v0x56c6e6a6abb0_0, 0, 4;
    %pushi/vec4 1, 0, 1;
    %store/vec4 v0x56c6e6a6ac90_0, 0, 1;
    %fork TD_testbench.test, S_0x56c6e6a6a920;
    %join;
    %pushi/vec4 4, 0, 4;
    %store/vec4 v0x56c6e6a6aad0_0, 0, 4;
    %pushi/vec4 9, 0, 4;
    %store/vec4 v0x56c6e6a6abb0_0, 0, 4;
    %pushi/vec4 0, 0, 1;
    %store/vec4 v0x56c6e6a6ac90_0, 0, 1;
    %fork TD_testbench.test, S_0x56c6e6a6a920;
    %join;
    %pushi/vec4 12, 0, 4;
    %store/vec4 v0x56c6e6a6aad0_0, 0, 4;
    %pushi/vec4 7, 0, 4;
    %store/vec4 v0x56c6e6a6abb0_0, 0, 4;
    %pushi/vec4 0, 0, 1;
    %store/vec4 v0x56c6e6a6ac90_0, 0, 1;
    %fork TD_testbench.test, S_0x56c6e6a6a920;
    %join;
    %pushi/vec4 12, 0, 4;
    %store/vec4 v0x56c6e6a6aad0_0, 0, 4;
    %pushi/vec4 9, 0, 4;
    %store/vec4 v0x56c6e6a6abb0_0, 0, 4;
    %pushi/vec4 1, 0, 1;
    %store/vec4 v0x56c6e6a6ac90_0, 0, 1;
    %fork TD_testbench.test, S_0x56c6e6a6a920;
    %join;
    %pushi/vec4 3, 0, 4;
    %store/vec4 v0x56c6e6a6aad0_0, 0, 4;
    %pushi/vec4 5, 0, 4;
    %store/vec4 v0x56c6e6a6abb0_0, 0, 4;
    %pushi/vec4 1, 0, 1;
    %store/vec4 v0x56c6e6a6ac90_0, 0, 1;
    %fork TD_testbench.test, S_0x56c6e6a6a920;
    %join;
    %pushi/vec4 3, 0, 4;
    %store/vec4 v0x56c6e6a6aad0_0, 0, 4;
    %pushi/vec4 11, 0, 4;
    %store/vec4 v0x56c6e6a6abb0_0, 0, 4;
    %pushi/vec4 0, 0, 1;
    %store/vec4 v0x56c6e6a6ac90_0, 0, 1;
    %fork TD_testbench.test, S_0x56c6e6a6a920;
    %join;
    %pushi/vec4 13, 0, 4;
    %store/vec4 v0x56c6e6a6aad0_0, 0, 4;
    %pushi/vec4 5, 0, 4;
    %store/vec4 v0x56c6e6a6abb0_0, 0, 4;
    %pushi/vec4 0, 0, 1;
    %store/vec4 v0x56c6e6a6ac90_0, 0, 1;
    %fork TD_testbench.test, S_0x56c6e6a6a920;
    %join;
    %pushi/vec4 13, 0, 4;
    %store/vec4 v0x56c6e6a6aad0_0, 0, 4;
    %pushi/vec4 11, 0, 4;
    %store/vec4 v0x56c6e6a6abb0_0, 0, 4;
    %pushi/vec4 0, 0, 1;
    %store/vec4 v0x56c6e6a6ac90_0, 0, 1;
    %fork TD_testbench.test, S_0x56c6e6a6a920;
    %join;
    %pushi/vec4 3, 0, 4;
    %store/vec4 v0x56c6e6a6aad0_0, 0, 4;
    %pushi/vec4 6, 0, 4;
    %store/vec4 v0x56c6e6a6abb0_0, 0, 4;
    %pushi/vec4 1, 0, 1;
    %store/vec4 v0x56c6e6a6ac90_0, 0, 1;
    %fork TD_testbench.test, S_0x56c6e6a6a920;
    %join;
    %pushi/vec4 3, 0, 4;
    %store/vec4 v0x56c6e6a6aad0_0, 0, 4;
    %pushi/vec4 10, 0, 4;
    %store/vec4 v0x56c6e6a6abb0_0, 0, 4;
    %pushi/vec4 0, 0, 1;
    %store/vec4 v0x56c6e6a6ac90_0, 0, 1;
    %fork TD_testbench.test, S_0x56c6e6a6a920;
    %join;
    %pushi/vec4 13, 0, 4;
    %store/vec4 v0x56c6e6a6aad0_0, 0, 4;
    %pushi/vec4 6, 0, 4;
    %store/vec4 v0x56c6e6a6abb0_0, 0, 4;
    %pushi/vec4 0, 0, 1;
    %store/vec4 v0x56c6e6a6ac90_0, 0, 1;
    %fork TD_testbench.test, S_0x56c6e6a6a920;
    %join;
    %pushi/vec4 13, 0, 4;
    %store/vec4 v0x56c6e6a6aad0_0, 0, 4;
    %pushi/vec4 10, 0, 4;
    %store/vec4 v0x56c6e6a6abb0_0, 0, 4;
    %pushi/vec4 1, 0, 1;
    %store/vec4 v0x56c6e6a6ac90_0, 0, 1;
    %fork TD_testbench.test, S_0x56c6e6a6a920;
    %join;
    %pushi/vec4 2, 0, 4;
    %store/vec4 v0x56c6e6a6aad0_0, 0, 4;
    %pushi/vec4 1, 0, 4;
    %store/vec4 v0x56c6e6a6abb0_0, 0, 4;
    %pushi/vec4 0, 0, 1;
    %store/vec4 v0x56c6e6a6ac90_0, 0, 1;
    %fork TD_testbench.test, S_0x56c6e6a6a920;
    %join;
    %pushi/vec4 14, 0, 4;
    %store/vec4 v0x56c6e6a6aad0_0, 0, 4;
    %pushi/vec4 1, 0, 4;
    %store/vec4 v0x56c6e6a6abb0_0, 0, 4;
    %pushi/vec4 0, 0, 1;
    %store/vec4 v0x56c6e6a6ac90_0, 0, 1;
    %fork TD_testbench.test, S_0x56c6e6a6a920;
    %join;
    %pushi/vec4 2, 0, 4;
    %store/vec4 v0x56c6e6a6aad0_0, 0, 4;
    %pushi/vec4 15, 0, 4;
    %store/vec4 v0x56c6e6a6abb0_0, 0, 4;
    %pushi/vec4 0, 0, 1;
    %store/vec4 v0x56c6e6a6ac90_0, 0, 1;
    %fork TD_testbench.test, S_0x56c6e6a6a920;
    %join;
    %pushi/vec4 14, 0, 4;
    %store/vec4 v0x56c6e6a6aad0_0, 0, 4;
    %pushi/vec4 15, 0, 4;
    %store/vec4 v0x56c6e6a6abb0_0, 0, 4;
    %pushi/vec4 0, 0, 1;
    %store/vec4 v0x56c6e6a6ac90_0, 0, 1;
    %fork TD_testbench.test, S_0x56c6e6a6a920;
    %join;
    %pushi/vec4 7, 0, 4;
    %store/vec4 v0x56c6e6a6aad0_0, 0, 4;
    %pushi/vec4 4, 0, 4;
    %store/vec4 v0x56c6e6a6abb0_0, 0, 4;
    %pushi/vec4 1, 0, 1;
    %store/vec4 v0x56c6e6a6ac90_0, 0, 1;
    %fork TD_testbench.test, S_0x56c6e6a6a920;
    %join;
    %pushi/vec4 9, 0, 4;
    %store/vec4 v0x56c6e6a6aad0_0, 0, 4;
    %pushi/vec4 4, 0, 4;
    %store/vec4 v0x56c6e6a6abb0_0, 0, 4;
    %pushi/vec4 0, 0, 1;
    %store/vec4 v0x56c6e6a6ac90_0, 0, 1;
    %fork TD_testbench.test, S_0x56c6e6a6a920;
    %join;
    %pushi/vec4 7, 0, 4;
    %store/vec4 v0x56c6e6a6aad0_0, 0, 4;
    %pushi/vec4 12, 0, 4;
    %store/vec4 v0x56c6e6a6abb0_0, 0, 4;
    %pushi/vec4 0, 0, 1;
    %store/vec4 v0x56c6e6a6ac90_0, 0, 1;
    %fork TD_testbench.test, S_0x56c6e6a6a920;
    %join;
    %pushi/vec4 9, 0, 4;
    %store/vec4 v0x56c6e6a6aad0_0, 0, 4;
    %pushi/vec4 12, 0, 4;
    %store/vec4 v0x56c6e6a6abb0_0, 0, 4;
    %pushi/vec4 1, 0, 1;
    %store/vec4 v0x56c6e6a6ac90_0, 0, 1;
    %fork TD_testbench.test, S_0x56c6e6a6a920;
    %join;
    %pushi/vec4 5, 0, 4;
    %store/vec4 v0x56c6e6a6aad0_0, 0, 4;
    %pushi/vec4 3, 0, 4;
    %store/vec4 v0x56c6e6a6abb0_0, 0, 4;
    %pushi/vec4 1, 0, 1;
    %store/vec4 v0x56c6e6a6ac90_0, 0, 1;
    %fork TD_testbench.test, S_0x56c6e6a6a920;
    %join;
    %pushi/vec4 11, 0, 4;
    %store/vec4 v0x56c6e6a6aad0_0, 0, 4;
    %pushi/vec4 3, 0, 4;
    %store/vec4 v0x56c6e6a6abb0_0, 0, 4;
    %pushi/vec4 0, 0, 1;
    %store/vec4 v0x56c6e6a6ac90_0, 0, 1;
    %fork TD_testbench.test, S_0x56c6e6a6a920;
    %join;
    %pushi/vec4 5, 0, 4;
    %store/vec4 v0x56c6e6a6aad0_0, 0, 4;
    %pushi/vec4 13, 0, 4;
    %store/vec4 v0x56c6e6a6abb0_0, 0, 4;
    %pushi/vec4 0, 0, 1;
    %store/vec4 v0x56c6e6a6ac90_0, 0, 1;
    %fork TD_testbench.test, S_0x56c6e6a6a920;
    %join;
    %pushi/vec4 11, 0, 4;
    %store/vec4 v0x56c6e6a6aad0_0, 0, 4;
    %pushi/vec4 13, 0, 4;
    %store/vec4 v0x56c6e6a6abb0_0, 0, 4;
    %pushi/vec4 0, 0, 1;
    %store/vec4 v0x56c6e6a6ac90_0, 0, 1;
    %fork TD_testbench.test, S_0x56c6e6a6a920;
    %join;
    %pushi/vec4 6, 0, 4;
    %store/vec4 v0x56c6e6a6aad0_0, 0, 4;
    %pushi/vec4 3, 0, 4;
    %store/vec4 v0x56c6e6a6abb0_0, 0, 4;
    %pushi/vec4 1, 0, 1;
    %store/vec4 v0x56c6e6a6ac90_0, 0, 1;
    %fork TD_testbench.test, S_0x56c6e6a6a920;
    %join;
    %pushi/vec4 10, 0, 4;
    %store/vec4 v0x56c6e6a6aad0_0, 0, 4;
    %pushi/vec4 3, 0, 4;
    %store/vec4 v0x56c6e6a6abb0_0, 0, 4;
    %pushi/vec4 0, 0, 1;
    %store/vec4 v0x56c6e6a6ac90_0, 0, 1;
    %fork TD_testbench.test, S_0x56c6e6a6a920;
    %join;
    %pushi/vec4 6, 0, 4;
    %store/vec4 v0x56c6e6a6aad0_0, 0, 4;
    %pushi/vec4 13, 0, 4;
    %store/vec4 v0x56c6e6a6abb0_0, 0, 4;
    %pushi/vec4 0, 0, 1;
    %store/vec4 v0x56c6e6a6ac90_0, 0, 1;
    %fork TD_testbench.test, S_0x56c6e6a6a920;
    %join;
    %pushi/vec4 10, 0, 4;
    %store/vec4 v0x56c6e6a6aad0_0, 0, 4;
    %pushi/vec4 13, 0, 4;
    %store/vec4 v0x56c6e6a6abb0_0, 0, 4;
    %pushi/vec4 1, 0, 1;
    %store/vec4 v0x56c6e6a6ac90_0, 0, 1;
    %fork TD_testbench.test, S_0x56c6e6a6a920;
    %join;
    %pushi/vec4 1, 0, 4;
    %store/vec4 v0x56c6e6a6aad0_0, 0, 4;
    %pushi/vec4 1, 0, 4;
    %store/vec4 v0x56c6e6a6abb0_0, 0, 4;
    %pushi/vec4 0, 0, 1;
    %store/vec4 v0x56c6e6a6ac90_0, 0, 1;
    %fork TD_testbench.test, S_0x56c6e6a6a920;
    %join;
    %pushi/vec4 1, 0, 4;
    %store/vec4 v0x56c6e6a6aad0_0, 0, 4;
    %pushi/vec4 15, 0, 4;
    %store/vec4 v0x56c6e6a6abb0_0, 0, 4;
    %pushi/vec4 0, 0, 1;
    %store/vec4 v0x56c6e6a6ac90_0, 0, 1;
    %fork TD_testbench.test, S_0x56c6e6a6a920;
    %join;
    %pushi/vec4 15, 0, 4;
    %store/vec4 v0x56c6e6a6aad0_0, 0, 4;
    %pushi/vec4 1, 0, 4;
    %store/vec4 v0x56c6e6a6abb0_0, 0, 4;
    %pushi/vec4 0, 0, 1;
    %store/vec4 v0x56c6e6a6ac90_0, 0, 1;
    %fork TD_testbench.test, S_0x56c6e6a6a920;
    %join;
    %pushi/vec4 15, 0, 4;
    %store/vec4 v0x56c6e6a6aad0_0, 0, 4;
    %pushi/vec4 15, 0, 4;
    %store/vec4 v0x56c6e6a6abb0_0, 0, 4;
    %pushi/vec4 0, 0, 1;
    %store/vec4 v0x56c6e6a6ac90_0, 0, 1;
    %fork TD_testbench.test, S_0x56c6e6a6a920;
    %join;
    %pushi/vec4 4, 0, 4;
    %store/vec4 v0x56c6e6a6aad0_0, 0, 4;
    %pushi/vec4 4, 0, 4;
    %store/vec4 v0x56c6e6a6abb0_0, 0, 4;
    %pushi/vec4 1, 0, 1;
    %store/vec4 v0x56c6e6a6ac90_0, 0, 1;
    %fork TD_testbench.test, S_0x56c6e6a6a920;
    %join;
    %pushi/vec4 4, 0, 4;
    %store/vec4 v0x56c6e6a6aad0_0, 0, 4;
    %pushi/vec4 12, 0, 4;
    %store/vec4 v0x56c6e6a6abb0_0, 0, 4;
    %pushi/vec4 0, 0, 1;
    %store/vec4 v0x56c6e6a6ac90_0, 0, 1;
    %fork TD_testbench.test, S_0x56c6e6a6a920;
    %join;
    %pushi/vec4 12, 0, 4;
    %store/vec4 v0x56c6e6a6aad0_0, 0, 4;
    %pushi/vec4 4, 0, 4;
    %store/vec4 v0x56c6e6a6abb0_0, 0, 4;
    %pushi/vec4 0, 0, 1;
    %store/vec4 v0x56c6e6a6ac90_0, 0, 1;
    %fork TD_testbench.test, S_0x56c6e6a6a920;
    %join;
    %pushi/vec4 12, 0, 4;
    %store/vec4 v0x56c6e6a6aad0_0, 0, 4;
    %pushi/vec4 12, 0, 4;
    %store/vec4 v0x56c6e6a6abb0_0, 0, 4;
    %pushi/vec4 0, 0, 1;
    %store/vec4 v0x56c6e6a6ac90_0, 0, 1;
    %fork TD_testbench.test, S_0x56c6e6a6a920;
    %join;
    %vpi_call/w 4 114 "$display", "PASS %s", "testbench.sv" {0 0 0};
    %vpi_call/w 4 115 "$finish" {0 0 0};
    %end;
    .thread T_1;
# The file index is used to find the file name in the following table.
:file_names 5;
    "N/A";
    "<interactive>";
    "-";
    "03_01_signed_add_with_overflow.sv";
    "testbench.sv";
