#! /usr/bin/vvp
:ivl_version "12.0 (stable)";
:ivl_delay_selection "TYPICAL";
:vpi_time_precision + 0;
:vpi_module "/usr/lib/x86_64-linux-gnu/ivl/system.vpi";
:vpi_module "/usr/lib/x86_64-linux-gnu/ivl/vhdl_sys.vpi";
:vpi_module "/usr/lib/x86_64-linux-gnu/ivl/vhdl_textio.vpi";
:vpi_module "/usr/lib/x86_64-linux-gnu/ivl/v2005_math.vpi";
:vpi_module "/usr/lib/x86_64-linux-gnu/ivl/va_math.vpi";
:vpi_module "/usr/lib/x86_64-linux-gnu/ivl/v2009.vpi";
S_0x5615fbca47c0 .scope package, "$unit" "$unit" 2 1;
 .timescale 0 0;
S_0x5615fbc7a4c0 .scope module, "testbench" "testbench" 3 1;
 .timescale 0 0;
v0x5615fbcde160_0 .var "a", 7 0;
v0x5615fbcde240_0 .net "resl0", 7 0, L_0x5615fbcde710;  1 drivers
v0x5615fbcde300_0 .net "resl1", 7 0, L_0x5615fbcdecc0;  1 drivers
v0x5615fbcde400_0 .net "resr0", 7 0, L_0x5615fbcdef60;  1 drivers
v0x5615fbcde4d0_0 .net "resr1", 7 0, L_0x5615fbcdf4e0;  1 drivers
S_0x5615fbc7a650 .scope module, "il0" "circular_left_shift_of_N_by_S_using_bit_slices_and_concatenation" 3 6, 4 5 0, S_0x5615fbc7a4c0;
 .timescale 0 0;
    .port_info 0 /INPUT 8 "a";
    .port_info 1 /OUTPUT 8 "res";
P_0x5615fbca75a0 .param/l "N" 0 4 6, +C4<00000000000000000000000000001000>;
P_0x5615fbca75e0 .param/l "S" 0 4 6, +C4<00000000000000000000000000000011>;
v0x5615fbcb6210_0 .net *"_ivl_1", 4 0, L_0x5615fbcde570;  1 drivers
v0x5615fbc8e580_0 .net *"_ivl_3", 2 0, L_0x5615fbcde640;  1 drivers
v0x5615fbcb7cc0_0 .net "a", 7 0, v0x5615fbcde160_0;  1 drivers
v0x5615fbcdbec0_0 .net "res", 7 0, L_0x5615fbcde710;  alias, 1 drivers
L_0x5615fbcde570 .part v0x5615fbcde160_0, 0, 5;
L_0x5615fbcde640 .part v0x5615fbcde160_0, 5, 3;
L_0x5615fbcde710 .concat [ 3 5 0 0], L_0x5615fbcde640, L_0x5615fbcde570;
S_0x5615fbcdc000 .scope module, "il1" "circular_left_shift_of_N_by_S_by_ORing_the_results_of_shift_operations" 3 9, 4 13 0, S_0x5615fbc7a4c0;
 .timescale 0 0;
    .port_info 0 /INPUT 8 "a";
    .port_info 1 /OUTPUT 8 "res";
P_0x5615fbca7830 .param/l "N" 0 4 14, +C4<00000000000000000000000000001000>;
P_0x5615fbca7870 .param/l "S" 0 4 14, +C4<00000000000000000000000000000011>;
L_0x5615fbcdecc0 .functor OR 8, L_0x5615fbcde940, L_0x5615fbcdeb20, C4<00000000>, C4<00000000>;
v0x5615fbcdc2e0_0 .net *"_ivl_0", 7 0, L_0x5615fbcde940;  1 drivers
L_0x7855e82ce060 .functor BUFT 1, C4<00000>, C4<0>, C4<0>, C4<0>;
v0x5615fbcdc3e0_0 .net *"_ivl_10", 4 0, L_0x7855e82ce060;  1 drivers
v0x5615fbcdc4c0_0 .net *"_ivl_2", 4 0, L_0x5615fbcde8a0;  1 drivers
L_0x7855e82ce018 .functor BUFT 1, C4<000>, C4<0>, C4<0>, C4<0>;
v0x5615fbcdc5b0_0 .net *"_ivl_4", 2 0, L_0x7855e82ce018;  1 drivers
v0x5615fbcdc690_0 .net *"_ivl_6", 7 0, L_0x5615fbcdeb20;  1 drivers
v0x5615fbcdc7c0_0 .net *"_ivl_8", 2 0, L_0x5615fbcdea80;  1 drivers
v0x5615fbcdc8a0_0 .net "a", 7 0, v0x5615fbcde160_0;  alias, 1 drivers
v0x5615fbcdc960_0 .net "res", 7 0, L_0x5615fbcdecc0;  alias, 1 drivers
L_0x5615fbcde8a0 .part v0x5615fbcde160_0, 0, 5;
L_0x5615fbcde940 .concat [ 3 5 0 0], L_0x7855e82ce018, L_0x5615fbcde8a0;
L_0x5615fbcdea80 .part v0x5615fbcde160_0, 5, 3;
L_0x5615fbcdeb20 .concat [ 3 5 0 0], L_0x5615fbcdea80, L_0x7855e82ce060;
S_0x5615fbcdca80 .scope module, "ir0" "circular_right_shift_of_N_by_S_using_bit_slices_and_concatenation" 3 12, 4 25 0, S_0x5615fbc7a4c0;
 .timescale 0 0;
    .port_info 0 /INPUT 8 "a";
    .port_info 1 /OUTPUT 8 "res";
P_0x5615fbca83d0 .param/l "N" 0 4 26, +C4<00000000000000000000000000001000>;
P_0x5615fbca8410 .param/l "S" 0 4 26, +C4<00000000000000000000000000000011>;
v0x5615fbcdcd90_0 .net *"_ivl_1", 2 0, L_0x5615fbcdee20;  1 drivers
v0x5615fbcdce70_0 .net *"_ivl_3", 4 0, L_0x5615fbcdeec0;  1 drivers
v0x5615fbcdcf50_0 .net "a", 7 0, v0x5615fbcde160_0;  alias, 1 drivers
v0x5615fbcdd070_0 .net "res", 7 0, L_0x5615fbcdef60;  alias, 1 drivers
L_0x5615fbcdee20 .part v0x5615fbcde160_0, 0, 3;
L_0x5615fbcdeec0 .part v0x5615fbcde160_0, 3, 5;
L_0x5615fbcdef60 .concat [ 5 3 0 0], L_0x5615fbcdeec0, L_0x5615fbcdee20;
S_0x5615fbcdd1b0 .scope module, "ir1" "circular_right_shift_of_N_by_S_by_ORing_the_results_of_shift_operations" 3 15, 4 40 0, S_0x5615fbc7a4c0;
 .timescale 0 0;
    .port_info 0 /INPUT 8 "a";
    .port_info 1 /OUTPUT 8 "res";
P_0x5615fbca7510 .param/l "N" 0 4 41, +C4<00000000000000000000000000001000>;
P_0x5615fbca7550 .param/l "S" 0 4 41, +C4<00000000000000000000000000000011>;
L_0x5615fbcdf4e0 .functor OR 8, L_0x5615fbcdf190, L_0x5615fbcdf370, C4<00000000>, C4<00000000>;
v0x5615fbcdd4f0_0 .net *"_ivl_0", 7 0, L_0x5615fbcdf190;  1 drivers
L_0x7855e82ce0f0 .functor BUFT 1, C4<00000>, C4<0>, C4<0>, C4<0>;
v0x5615fbcdd5f0_0 .net *"_ivl_10", 4 0, L_0x7855e82ce0f0;  1 drivers
v0x5615fbcdd6d0_0 .net *"_ivl_2", 4 0, L_0x5615fbcdf0f0;  1 drivers
L_0x7855e82ce0a8 .functor BUFT 1, C4<000>, C4<0>, C4<0>, C4<0>;
v0x5615fbcdd7c0_0 .net *"_ivl_4", 2 0, L_0x7855e82ce0a8;  1 drivers
v0x5615fbcdd8a0_0 .net *"_ivl_6", 7 0, L_0x5615fbcdf370;  1 drivers
v0x5615fbcdd9d0_0 .net *"_ivl_8", 2 0, L_0x5615fbcdf2d0;  1 drivers
v0x5615fbcddab0_0 .net "a", 7 0, v0x5615fbcde160_0;  alias, 1 drivers
v0x5615fbcddb70_0 .net "res", 7 0, L_0x5615fbcdf4e0;  alias, 1 drivers
L_0x5615fbcdf0f0 .part v0x5615fbcde160_0, 3, 5;
L_0x5615fbcdf190 .concat [ 5 3 0 0], L_0x5615fbcdf0f0, L_0x7855e82ce0a8;
L_0x5615fbcdf2d0 .part v0x5615fbcde160_0, 0, 3;
L_0x5615fbcdf370 .concat [ 5 3 0 0], L_0x7855e82ce0f0, L_0x5615fbcdf2d0;
S_0x5615fbcddcb0 .scope task, "test" "test" 3 17, 3 17 0, S_0x5615fbc7a4c0;
 .timescale 0 0;
v0x5615fbcddee0_0 .var "t_a", 7 0;
v0x5615fbcddfc0_0 .var "t_resl", 7 0;
v0x5615fbcde0a0_0 .var "t_resr", 7 0;
TD_testbench.test ;
    %load/vec4 v0x5615fbcddee0_0;
    %store/vec4 v0x5615fbcde160_0, 0, 8;
    %delay 1, 0;
    %vpi_call/w 3 23 "$display", "TEST %b << %b %b (EXP %b) >> %b %b (EXP %b)", v0x5615fbcde160_0, v0x5615fbcde240_0, v0x5615fbcde300_0, v0x5615fbcddfc0_0, v0x5615fbcde400_0, v0x5615fbcde4d0_0, v0x5615fbcde0a0_0 {0 0 0};
    %load/vec4 v0x5615fbcde240_0;
    %load/vec4 v0x5615fbcddfc0_0;
    %cmp/e;
    %flag_get/vec4 6;
    %jmp/0 T_0.4, 6;
    %load/vec4 v0x5615fbcde300_0;
    %load/vec4 v0x5615fbcddfc0_0;
    %cmp/e;
    %flag_get/vec4 6;
    %and;
T_0.4;
    %flag_set/vec4 10;
    %flag_get/vec4 10;
    %jmp/0 T_0.3, 10;
    %load/vec4 v0x5615fbcde400_0;
    %load/vec4 v0x5615fbcde0a0_0;
    %cmp/e;
    %flag_get/vec4 6;
    %and;
T_0.3;
    %flag_set/vec4 9;
    %flag_get/vec4 9;
    %jmp/0 T_0.2, 9;
    %load/vec4 v0x5615fbcde4d0_0;
    %load/vec4 v0x5615fbcde0a0_0;
    %cmp/e;
    %flag_get/vec4 6;
    %and;
T_0.2;
    %nor/r;
    %flag_set/vec4 8;
    %jmp/0xz  T_0.0, 8;
    %vpi_call/w 3 29 "$display", "FAIL %s - see above", "testbench.sv" {0 0 0};
    %vpi_call/w 3 30 "$finish" {0 0 0};
T_0.0 ;
    %end;
    .scope S_0x5615fbc7a4c0;
T_1 ;
    %pushi/vec4 0, 0, 8;
    %store/vec4 v0x5615fbcddee0_0, 0, 8;
    %pushi/vec4 0, 0, 8;
    %store/vec4 v0x5615fbcddfc0_0, 0, 8;
    %pushi/vec4 0, 0, 8;
    %store/vec4 v0x5615fbcde0a0_0, 0, 8;
    %fork TD_testbench.test, S_0x5615fbcddcb0;
    %join;
    %pushi/vec4 128, 0, 8;
    %store/vec4 v0x5615fbcddee0_0, 0, 8;
    %pushi/vec4 4, 0, 8;
    %store/vec4 v0x5615fbcddfc0_0, 0, 8;
    %pushi/vec4 16, 0, 8;
    %store/vec4 v0x5615fbcde0a0_0, 0, 8;
    %fork TD_testbench.test, S_0x5615fbcddcb0;
    %join;
    %pushi/vec4 64, 0, 8;
    %store/vec4 v0x5615fbcddee0_0, 0, 8;
    %pushi/vec4 2, 0, 8;
    %store/vec4 v0x5615fbcddfc0_0, 0, 8;
    %pushi/vec4 8, 0, 8;
    %store/vec4 v0x5615fbcde0a0_0, 0, 8;
    %fork TD_testbench.test, S_0x5615fbcddcb0;
    %join;
    %pushi/vec4 32, 0, 8;
    %store/vec4 v0x5615fbcddee0_0, 0, 8;
    %pushi/vec4 1, 0, 8;
    %store/vec4 v0x5615fbcddfc0_0, 0, 8;
    %pushi/vec4 4, 0, 8;
    %store/vec4 v0x5615fbcde0a0_0, 0, 8;
    %fork TD_testbench.test, S_0x5615fbcddcb0;
    %join;
    %pushi/vec4 16, 0, 8;
    %store/vec4 v0x5615fbcddee0_0, 0, 8;
    %pushi/vec4 128, 0, 8;
    %store/vec4 v0x5615fbcddfc0_0, 0, 8;
    %pushi/vec4 2, 0, 8;
    %store/vec4 v0x5615fbcde0a0_0, 0, 8;
    %fork TD_testbench.test, S_0x5615fbcddcb0;
    %join;
    %pushi/vec4 8, 0, 8;
    %store/vec4 v0x5615fbcddee0_0, 0, 8;
    %pushi/vec4 64, 0, 8;
    %store/vec4 v0x5615fbcddfc0_0, 0, 8;
    %pushi/vec4 1, 0, 8;
    %store/vec4 v0x5615fbcde0a0_0, 0, 8;
    %fork TD_testbench.test, S_0x5615fbcddcb0;
    %join;
    %pushi/vec4 4, 0, 8;
    %store/vec4 v0x5615fbcddee0_0, 0, 8;
    %pushi/vec4 32, 0, 8;
    %store/vec4 v0x5615fbcddfc0_0, 0, 8;
    %pushi/vec4 128, 0, 8;
    %store/vec4 v0x5615fbcde0a0_0, 0, 8;
    %fork TD_testbench.test, S_0x5615fbcddcb0;
    %join;
    %pushi/vec4 2, 0, 8;
    %store/vec4 v0x5615fbcddee0_0, 0, 8;
    %pushi/vec4 16, 0, 8;
    %store/vec4 v0x5615fbcddfc0_0, 0, 8;
    %pushi/vec4 64, 0, 8;
    %store/vec4 v0x5615fbcde0a0_0, 0, 8;
    %fork TD_testbench.test, S_0x5615fbcddcb0;
    %join;
    %pushi/vec4 1, 0, 8;
    %store/vec4 v0x5615fbcddee0_0, 0, 8;
    %pushi/vec4 8, 0, 8;
    %store/vec4 v0x5615fbcddfc0_0, 0, 8;
    %pushi/vec4 32, 0, 8;
    %store/vec4 v0x5615fbcde0a0_0, 0, 8;
    %fork TD_testbench.test, S_0x5615fbcddcb0;
    %join;
    %pushi/vec4 255, 0, 8;
    %store/vec4 v0x5615fbcddee0_0, 0, 8;
    %pushi/vec4 255, 0, 8;
    %store/vec4 v0x5615fbcddfc0_0, 0, 8;
    %pushi/vec4 255, 0, 8;
    %store/vec4 v0x5615fbcde0a0_0, 0, 8;
    %fork TD_testbench.test, S_0x5615fbcddcb0;
    %join;
    %pushi/vec4 181, 0, 8;
    %store/vec4 v0x5615fbcddee0_0, 0, 8;
    %pushi/vec4 173, 0, 8;
    %store/vec4 v0x5615fbcddfc0_0, 0, 8;
    %pushi/vec4 182, 0, 8;
    %store/vec4 v0x5615fbcde0a0_0, 0, 8;
    %fork TD_testbench.test, S_0x5615fbcddcb0;
    %join;
    %pushi/vec4 112, 0, 8;
    %store/vec4 v0x5615fbcddee0_0, 0, 8;
    %pushi/vec4 131, 0, 8;
    %store/vec4 v0x5615fbcddfc0_0, 0, 8;
    %pushi/vec4 14, 0, 8;
    %store/vec4 v0x5615fbcde0a0_0, 0, 8;
    %fork TD_testbench.test, S_0x5615fbcddcb0;
    %join;
    %pushi/vec4 38, 0, 8;
    %store/vec4 v0x5615fbcddee0_0, 0, 8;
    %pushi/vec4 49, 0, 8;
    %store/vec4 v0x5615fbcddfc0_0, 0, 8;
    %pushi/vec4 196, 0, 8;
    %store/vec4 v0x5615fbcde0a0_0, 0, 8;
    %fork TD_testbench.test, S_0x5615fbcddcb0;
    %join;
    %pushi/vec4 224, 0, 8;
    %store/vec4 v0x5615fbcddee0_0, 0, 8;
    %pushi/vec4 7, 0, 8;
    %store/vec4 v0x5615fbcddfc0_0, 0, 8;
    %pushi/vec4 28, 0, 8;
    %store/vec4 v0x5615fbcde0a0_0, 0, 8;
    %fork TD_testbench.test, S_0x5615fbcddcb0;
    %join;
    %pushi/vec4 108, 0, 8;
    %store/vec4 v0x5615fbcddee0_0, 0, 8;
    %pushi/vec4 99, 0, 8;
    %store/vec4 v0x5615fbcddfc0_0, 0, 8;
    %pushi/vec4 141, 0, 8;
    %store/vec4 v0x5615fbcde0a0_0, 0, 8;
    %fork TD_testbench.test, S_0x5615fbcddcb0;
    %join;
    %pushi/vec4 209, 0, 8;
    %store/vec4 v0x5615fbcddee0_0, 0, 8;
    %pushi/vec4 142, 0, 8;
    %store/vec4 v0x5615fbcddfc0_0, 0, 8;
    %pushi/vec4 58, 0, 8;
    %store/vec4 v0x5615fbcde0a0_0, 0, 8;
    %fork TD_testbench.test, S_0x5615fbcddcb0;
    %join;
    %pushi/vec4 195, 0, 8;
    %store/vec4 v0x5615fbcddee0_0, 0, 8;
    %pushi/vec4 30, 0, 8;
    %store/vec4 v0x5615fbcddfc0_0, 0, 8;
    %pushi/vec4 120, 0, 8;
    %store/vec4 v0x5615fbcde0a0_0, 0, 8;
    %fork TD_testbench.test, S_0x5615fbcddcb0;
    %join;
    %pushi/vec4 52, 0, 8;
    %store/vec4 v0x5615fbcddee0_0, 0, 8;
    %pushi/vec4 161, 0, 8;
    %store/vec4 v0x5615fbcddfc0_0, 0, 8;
    %pushi/vec4 134, 0, 8;
    %store/vec4 v0x5615fbcde0a0_0, 0, 8;
    %fork TD_testbench.test, S_0x5615fbcddcb0;
    %join;
    %pushi/vec4 240, 0, 8;
    %store/vec4 v0x5615fbcddee0_0, 0, 8;
    %pushi/vec4 135, 0, 8;
    %store/vec4 v0x5615fbcddfc0_0, 0, 8;
    %pushi/vec4 30, 0, 8;
    %store/vec4 v0x5615fbcde0a0_0, 0, 8;
    %fork TD_testbench.test, S_0x5615fbcddcb0;
    %join;
    %pushi/vec4 102, 0, 8;
    %store/vec4 v0x5615fbcddee0_0, 0, 8;
    %pushi/vec4 51, 0, 8;
    %store/vec4 v0x5615fbcddfc0_0, 0, 8;
    %pushi/vec4 204, 0, 8;
    %store/vec4 v0x5615fbcde0a0_0, 0, 8;
    %fork TD_testbench.test, S_0x5615fbcddcb0;
    %join;
    %vpi_call/w 3 65 "$display", "PASS %s", "testbench.sv" {0 0 0};
    %vpi_call/w 3 66 "$finish" {0 0 0};
    %end;
    .thread T_1;
# The file index is used to find the file name in the following table.
:file_names 5;
    "N/A";
    "<interactive>";
    "-";
    "testbench.sv";
    "03_05_circular_shifts.sv";
