#! /usr/bin/vvp
:ivl_version "12.0 (stable)";
:ivl_delay_selection "TYPICAL";
:vpi_time_precision + 0;
:vpi_module "/usr/lib/x86_64-linux-gnu/ivl/system.vpi";
:vpi_module "/usr/lib/x86_64-linux-gnu/ivl/vhdl_sys.vpi";
:vpi_module "/usr/lib/x86_64-linux-gnu/ivl/vhdl_textio.vpi";
:vpi_module "/usr/lib/x86_64-linux-gnu/ivl/v2005_math.vpi";
:vpi_module "/usr/lib/x86_64-linux-gnu/ivl/va_math.vpi";
:vpi_module "/usr/lib/x86_64-linux-gnu/ivl/v2009.vpi";
S_0x55d339d2bdb0 .scope package, "$unit" "$unit" 2 1;
 .timescale 0 0;
S_0x55d339d0ebb0 .scope module, "testbench" "testbench" 3 1;
 .timescale 0 0;
P_0x55d339d27e50 .param/l "N" 1 3 3, +C4<00000000000000000000000000001000>;
P_0x55d339d27e90 .param/l "S" 1 3 3, +C4<00000000000000000000000000000011>;
v0x55d339d521d0_0 .var "a", 7 0;
v0x55d339d52290 .array "res", 7 0;
v0x55d339d52290_0 .net v0x55d339d52290 0, 7 0, L_0x55d339d525f0; 1 drivers
v0x55d339d52290_1 .net v0x55d339d52290 1, 7 0, L_0x55d339d52820; 1 drivers
v0x55d339d52290_2 .net v0x55d339d52290 2, 7 0, v0x55d339d4a100_0; 1 drivers
v0x55d339d52290_3 .net v0x55d339d52290 3, 7 0, L_0x55d339d52d40; 1 drivers
v0x55d339d52290_4 .net v0x55d339d52290 4, 7 0, L_0x55d339d53490; 1 drivers
v0x55d339d52290_5 .net v0x55d339d52290 5, 7 0, L_0x55d339d53800; 1 drivers
v0x55d339d52290_6 .net v0x55d339d52290 6, 7 0, v0x55d339d4ec40_0; 1 drivers
v0x55d339d52290_7 .net v0x55d339d52290 7, 7 0, L_0x55d339d53bc0; 1 drivers
S_0x55d339d0ede0 .scope begin, "$ivl_for_loop2" "$ivl_for_loop2" 3 40, 3 40 0, S_0x55d339d0ebb0;
 .timescale 0 0;
v0x55d339d0bf40_0 .var/2s "i", 31 0;
S_0x55d339d48fd0 .scope begin, "$ivl_for_loop3" "$ivl_for_loop3" 3 45, 3 45 0, S_0x55d339d0ebb0;
 .timescale 0 0;
v0x55d339d27740_0 .var/2s "i", 31 0;
S_0x55d339d49210 .scope module, "i0" "left_shift_of_8_by_3_using_left_shift_operation" 3 7, 4 5 0, S_0x55d339d0ebb0;
 .timescale 0 0;
    .port_info 0 /INPUT 8 "a";
    .port_info 1 /OUTPUT 8 "res";
v0x55d339d27c20_0 .net *"_ivl_2", 4 0, L_0x55d339d524f0;  1 drivers
L_0x7d7a6986e018 .functor BUFT 1, C4<000>, C4<0>, C4<0>, C4<0>;
v0x55d339d28500_0 .net *"_ivl_4", 2 0, L_0x7d7a6986e018;  1 drivers
v0x55d339d28ae0_0 .net "a", 7 0, v0x55d339d521d0_0;  1 drivers
v0x55d339d290c0_0 .net "res", 7 0, L_0x55d339d525f0;  alias, 1 drivers
L_0x55d339d524f0 .part v0x55d339d521d0_0, 0, 5;
L_0x55d339d525f0 .concat [ 3 5 0 0], L_0x7d7a6986e018, L_0x55d339d524f0;
S_0x55d339d49550 .scope module, "i1" "left_shift_of_8_by_3_using_concatenation" 3 8, 4 14 0, S_0x55d339d0ebb0;
 .timescale 0 0;
    .port_info 0 /INPUT 8 "a";
    .port_info 1 /OUTPUT 8 "res";
v0x55d339d296a0_0 .net *"_ivl_1", 4 0, L_0x55d339d52780;  1 drivers
L_0x7d7a6986e060 .functor BUFT 1, C4<000>, C4<0>, C4<0>, C4<0>;
v0x55d339d49790_0 .net/2u *"_ivl_2", 2 0, L_0x7d7a6986e060;  1 drivers
v0x55d339d49870_0 .net "a", 7 0, v0x55d339d521d0_0;  alias, 1 drivers
v0x55d339d49940_0 .net "res", 7 0, L_0x55d339d52820;  alias, 1 drivers
L_0x55d339d52780 .part v0x55d339d521d0_0, 0, 5;
L_0x55d339d52820 .concat [ 3 5 0 0], L_0x7d7a6986e060, L_0x55d339d52780;
S_0x55d339d49a60 .scope module, "i2" "left_shift_of_8_by_3_using_for_inside_always" 3 9, 4 22 0, S_0x55d339d0ebb0;
 .timescale 0 0;
    .port_info 0 /INPUT 8 "a";
    .port_info 1 /OUTPUT 8 "res";
v0x55d339d49fd0_0 .net "a", 7 0, v0x55d339d521d0_0;  alias, 1 drivers
v0x55d339d4a100_0 .var "res", 7 0;
E_0x55d339d0e140 .event anyedge, v0x55d339d28ae0_0;
S_0x55d339d49cd0 .scope begin, "$ivl_for_loop0" "$ivl_for_loop0" 4 25, 4 25 0, S_0x55d339d49a60;
 .timescale 0 0;
v0x55d339d49ed0_0 .var/2s "i", 31 0;
S_0x55d339d4a240 .scope module, "i3" "left_shift_of_8_by_3_using_for_inside_generate" 3 10, 4 33 0, S_0x55d339d0ebb0;
 .timescale 0 0;
    .port_info 0 /INPUT 8 "a";
    .port_info 1 /OUTPUT 8 "res";
v0x55d339d4d270_0 .net "a", 7 0, v0x55d339d521d0_0;  alias, 1 drivers
v0x55d339d4d350_0 .net "res", 7 0, L_0x55d339d52d40;  alias, 1 drivers
L_0x55d339d52a00 .part v0x55d339d521d0_0, 0, 1;
L_0x55d339d52aa0 .part v0x55d339d521d0_0, 1, 1;
L_0x55d339d52b70 .part v0x55d339d521d0_0, 2, 1;
L_0x55d339d52c40 .part v0x55d339d521d0_0, 3, 1;
L_0x7d7a6986e0a8 .functor BUFT 1, C4<0>, C4<0>, C4<0>, C4<0>;
L_0x7d7a6986e0f0 .functor BUFT 1, C4<0>, C4<0>, C4<0>, C4<0>;
L_0x7d7a6986e138 .functor BUFT 1, C4<0>, C4<0>, C4<0>, C4<0>;
LS_0x55d339d52d40_0_0 .concat8 [ 1 1 1 1], L_0x7d7a6986e0a8, L_0x7d7a6986e0f0, L_0x7d7a6986e138, L_0x55d339d52a00;
LS_0x55d339d52d40_0_4 .concat8 [ 1 1 1 1], L_0x55d339d52aa0, L_0x55d339d52b70, L_0x55d339d52c40, L_0x55d339d530b0;
L_0x55d339d52d40 .concat8 [ 4 4 0 0], LS_0x55d339d52d40_0_0, LS_0x55d339d52d40_0_4;
L_0x55d339d530b0 .part v0x55d339d521d0_0, 4, 1;
S_0x55d339d4a420 .scope generate, "genblk1[0]" "genblk1[0]" 4 38, 4 38 0, S_0x55d339d4a240;
 .timescale 0 0;
P_0x55d339d4a640 .param/l "i" 1 4 38, +C4<00>;
S_0x55d339d4a720 .scope generate, "zero_bit_gen" "zero_bit_gen" 4 39, 4 39 0, S_0x55d339d4a420;
 .timescale 0 0;
v0x55d339d4a900_0 .net/2u *"_ivl_0", 0 0, L_0x7d7a6986e0a8;  1 drivers
S_0x55d339d4aa00 .scope generate, "genblk1[1]" "genblk1[1]" 4 38, 4 38 0, S_0x55d339d4a240;
 .timescale 0 0;
P_0x55d339d4ac20 .param/l "i" 1 4 38, +C4<01>;
S_0x55d339d4ace0 .scope generate, "zero_bit_gen" "zero_bit_gen" 4 39, 4 39 0, S_0x55d339d4aa00;
 .timescale 0 0;
v0x55d339d4aec0_0 .net/2u *"_ivl_0", 0 0, L_0x7d7a6986e0f0;  1 drivers
S_0x55d339d4afc0 .scope generate, "genblk1[2]" "genblk1[2]" 4 38, 4 38 0, S_0x55d339d4a240;
 .timescale 0 0;
P_0x55d339d4b1c0 .param/l "i" 1 4 38, +C4<010>;
S_0x55d339d4b280 .scope generate, "zero_bit_gen" "zero_bit_gen" 4 39, 4 39 0, S_0x55d339d4afc0;
 .timescale 0 0;
v0x55d339d4b460_0 .net/2u *"_ivl_0", 0 0, L_0x7d7a6986e138;  1 drivers
S_0x55d339d4b560 .scope generate, "genblk1[3]" "genblk1[3]" 4 38, 4 38 0, S_0x55d339d4a240;
 .timescale 0 0;
P_0x55d339d4b760 .param/l "i" 1 4 38, +C4<011>;
S_0x55d339d4b840 .scope generate, "shifted_bit_gen" "shifted_bit_gen" 4 39, 4 39 0, S_0x55d339d4b560;
 .timescale 0 0;
v0x55d339d4ba20_0 .net *"_ivl_0", 0 0, L_0x55d339d52a00;  1 drivers
S_0x55d339d4bb20 .scope generate, "genblk1[4]" "genblk1[4]" 4 38, 4 38 0, S_0x55d339d4a240;
 .timescale 0 0;
P_0x55d339d4bd70 .param/l "i" 1 4 38, +C4<0100>;
S_0x55d339d4be50 .scope generate, "shifted_bit_gen" "shifted_bit_gen" 4 39, 4 39 0, S_0x55d339d4bb20;
 .timescale 0 0;
v0x55d339d4c030_0 .net *"_ivl_0", 0 0, L_0x55d339d52aa0;  1 drivers
S_0x55d339d4c130 .scope generate, "genblk1[5]" "genblk1[5]" 4 38, 4 38 0, S_0x55d339d4a240;
 .timescale 0 0;
P_0x55d339d4c330 .param/l "i" 1 4 38, +C4<0101>;
S_0x55d339d4c410 .scope generate, "shifted_bit_gen" "shifted_bit_gen" 4 39, 4 39 0, S_0x55d339d4c130;
 .timescale 0 0;
v0x55d339d4c5f0_0 .net *"_ivl_0", 0 0, L_0x55d339d52b70;  1 drivers
S_0x55d339d4c6f0 .scope generate, "genblk1[6]" "genblk1[6]" 4 38, 4 38 0, S_0x55d339d4a240;
 .timescale 0 0;
P_0x55d339d4c8f0 .param/l "i" 1 4 38, +C4<0110>;
S_0x55d339d4c9d0 .scope generate, "shifted_bit_gen" "shifted_bit_gen" 4 39, 4 39 0, S_0x55d339d4c6f0;
 .timescale 0 0;
v0x55d339d4cbb0_0 .net *"_ivl_0", 0 0, L_0x55d339d52c40;  1 drivers
S_0x55d339d4ccb0 .scope generate, "genblk1[7]" "genblk1[7]" 4 38, 4 38 0, S_0x55d339d4a240;
 .timescale 0 0;
P_0x55d339d4ceb0 .param/l "i" 1 4 38, +C4<0111>;
S_0x55d339d4cf90 .scope generate, "shifted_bit_gen" "shifted_bit_gen" 4 39, 4 39 0, S_0x55d339d4ccb0;
 .timescale 0 0;
v0x55d339d4d170_0 .net *"_ivl_0", 0 0, L_0x55d339d530b0;  1 drivers
S_0x55d339d4d490 .scope module, "i4" "right_shift_of_N_by_S_using_right_shift_operation" 3 13, 4 55 0, S_0x55d339d0ebb0;
 .timescale 0 0;
    .port_info 0 /INPUT 8 "a";
    .port_info 1 /OUTPUT 8 "res";
P_0x55d339d2c4f0 .param/l "N" 0 4 56, +C4<00000000000000000000000000001000>;
P_0x55d339d2c530 .param/l "S" 0 4 56, +C4<00000000000000000000000000000011>;
v0x55d339d4d7a0_0 .net *"_ivl_2", 4 0, L_0x55d339d531e0;  1 drivers
L_0x7d7a6986e180 .functor BUFT 1, C4<000>, C4<0>, C4<0>, C4<0>;
v0x55d339d4d8a0_0 .net *"_ivl_4", 2 0, L_0x7d7a6986e180;  1 drivers
v0x55d339d4d980_0 .net "a", 7 0, v0x55d339d521d0_0;  alias, 1 drivers
v0x55d339d4da50_0 .net "res", 7 0, L_0x55d339d53490;  alias, 1 drivers
L_0x55d339d531e0 .part v0x55d339d521d0_0, 3, 5;
L_0x55d339d53490 .concat [ 5 3 0 0], L_0x55d339d531e0, L_0x7d7a6986e180;
S_0x55d339d4db90 .scope module, "i5" "right_shift_of_N_by_S_using_concatenation" 3 16, 4 72 0, S_0x55d339d0ebb0;
 .timescale 0 0;
    .port_info 0 /INPUT 8 "a";
    .port_info 1 /OUTPUT 8 "res";
P_0x55d339d4dd20 .param/l "N" 0 4 73, +C4<00000000000000000000000000001000>;
P_0x55d339d4dd60 .param/l "S" 0 4 73, +C4<00000000000000000000000000000011>;
v0x55d339d4df80_0 .net *"_ivl_3", 4 0, L_0x55d339d53620;  1 drivers
v0x55d339d4e080_0 .net *"_ivl_4", 8 0, L_0x55d339d536c0;  1 drivers
v0x55d339d4e160_0 .net "a", 7 0, v0x55d339d521d0_0;  alias, 1 drivers
v0x55d339d4e230_0 .net "res", 7 0, L_0x55d339d53800;  alias, 1 drivers
L_0x7d7a6986e1c8 .functor BUFT 1, C4<0000>, C4<0>, C4<0>, C4<0>;
v0x55d339d4e310_0 .net "zeroes", 3 0, L_0x7d7a6986e1c8;  1 drivers
L_0x55d339d53620 .part v0x55d339d521d0_0, 3, 5;
L_0x55d339d536c0 .concat [ 5 4 0 0], L_0x55d339d53620, L_0x7d7a6986e1c8;
L_0x55d339d53800 .part L_0x55d339d536c0, 0, 8;
S_0x55d339d4e4a0 .scope module, "i6" "right_shift_of_N_by_S_using_for_inside_always" 3 19, 4 90 0, S_0x55d339d0ebb0;
 .timescale 0 0;
    .port_info 0 /INPUT 8 "a";
    .port_info 1 /OUTPUT 8 "res";
P_0x55d339d4e680 .param/l "N" 0 4 91, +C4<00000000000000000000000000001000>;
P_0x55d339d4e6c0 .param/l "S" 0 4 91, +C4<00000000000000000000000000000011>;
v0x55d339d4eb60_0 .net "a", 7 0, v0x55d339d521d0_0;  alias, 1 drivers
v0x55d339d4ec40_0 .var "res", 7 0;
S_0x55d339d4e8b0 .scope begin, "$ivl_for_loop1" "$ivl_for_loop1" 4 101, 4 101 0, S_0x55d339d4e4a0;
 .timescale 0 0;
v0x55d339d4ea60_0 .var/2s "i", 31 0;
S_0x55d339d4ed80 .scope module, "i7" "right_shift_of_N_by_S_using_for_inside_generate" 3 22, 4 106 0, S_0x55d339d0ebb0;
 .timescale 0 0;
    .port_info 0 /INPUT 8 "a";
    .port_info 1 /OUTPUT 8 "res";
P_0x55d339d4e760 .param/l "N" 0 4 107, +C4<00000000000000000000000000001000>;
P_0x55d339d4e7a0 .param/l "S" 0 4 107, +C4<00000000000000000000000000000011>;
v0x55d339d51fb0_0 .net "a", 7 0, v0x55d339d521d0_0;  alias, 1 drivers
v0x55d339d52090_0 .net "res", 7 0, L_0x55d339d53bc0;  alias, 1 drivers
L_0x55d339d53940 .part v0x55d339d521d0_0, 7, 1;
L_0x55d339d539e0 .part v0x55d339d521d0_0, 6, 1;
L_0x55d339d53a80 .part v0x55d339d521d0_0, 5, 1;
L_0x55d339d53b20 .part v0x55d339d521d0_0, 4, 1;
LS_0x55d339d53bc0_0_0 .concat8 [ 1 1 1 1], L_0x55d339d53ee0, L_0x55d339d53b20, L_0x55d339d53a80, L_0x55d339d539e0;
L_0x7d7a6986e2a0 .functor BUFT 1, C4<0>, C4<0>, C4<0>, C4<0>;
L_0x7d7a6986e258 .functor BUFT 1, C4<0>, C4<0>, C4<0>, C4<0>;
L_0x7d7a6986e210 .functor BUFT 1, C4<0>, C4<0>, C4<0>, C4<0>;
LS_0x55d339d53bc0_0_4 .concat8 [ 1 1 1 1], L_0x55d339d53940, L_0x7d7a6986e2a0, L_0x7d7a6986e258, L_0x7d7a6986e210;
L_0x55d339d53bc0 .concat8 [ 4 4 0 0], LS_0x55d339d53bc0_0_0, LS_0x55d339d53bc0_0_4;
L_0x55d339d53ee0 .part v0x55d339d521d0_0, 3, 1;
S_0x55d339d4f130 .scope generate, "genblk1[0]" "genblk1[0]" 4 119, 4 119 0, S_0x55d339d4ed80;
 .timescale 0 0;
P_0x55d339d4f350 .param/l "i" 1 4 119, +C4<00>;
S_0x55d339d4f430 .scope generate, "shited_bit_gen" "shited_bit_gen" 4 120, 4 120 0, S_0x55d339d4f130;
 .timescale 0 0;
v0x55d339d4f610_0 .net *"_ivl_0", 0 0, L_0x55d339d53ee0;  1 drivers
S_0x55d339d4f710 .scope generate, "genblk1[1]" "genblk1[1]" 4 119, 4 119 0, S_0x55d339d4ed80;
 .timescale 0 0;
P_0x55d339d4f930 .param/l "i" 1 4 119, +C4<01>;
S_0x55d339d4f9f0 .scope generate, "shited_bit_gen" "shited_bit_gen" 4 120, 4 120 0, S_0x55d339d4f710;
 .timescale 0 0;
v0x55d339d4fbd0_0 .net *"_ivl_0", 0 0, L_0x55d339d53b20;  1 drivers
S_0x55d339d4fcd0 .scope generate, "genblk1[2]" "genblk1[2]" 4 119, 4 119 0, S_0x55d339d4ed80;
 .timescale 0 0;
P_0x55d339d4ff00 .param/l "i" 1 4 119, +C4<010>;
S_0x55d339d4ffc0 .scope generate, "shited_bit_gen" "shited_bit_gen" 4 120, 4 120 0, S_0x55d339d4fcd0;
 .timescale 0 0;
v0x55d339d501a0_0 .net *"_ivl_0", 0 0, L_0x55d339d53a80;  1 drivers
S_0x55d339d502a0 .scope generate, "genblk1[3]" "genblk1[3]" 4 119, 4 119 0, S_0x55d339d4ed80;
 .timescale 0 0;
P_0x55d339d504a0 .param/l "i" 1 4 119, +C4<011>;
S_0x55d339d50580 .scope generate, "shited_bit_gen" "shited_bit_gen" 4 120, 4 120 0, S_0x55d339d502a0;
 .timescale 0 0;
v0x55d339d50760_0 .net *"_ivl_0", 0 0, L_0x55d339d539e0;  1 drivers
S_0x55d339d50860 .scope generate, "genblk1[4]" "genblk1[4]" 4 119, 4 119 0, S_0x55d339d4ed80;
 .timescale 0 0;
P_0x55d339d50ab0 .param/l "i" 1 4 119, +C4<0100>;
S_0x55d339d50b90 .scope generate, "shited_bit_gen" "shited_bit_gen" 4 120, 4 120 0, S_0x55d339d50860;
 .timescale 0 0;
v0x55d339d50d70_0 .net *"_ivl_0", 0 0, L_0x55d339d53940;  1 drivers
S_0x55d339d50e70 .scope generate, "genblk1[5]" "genblk1[5]" 4 119, 4 119 0, S_0x55d339d4ed80;
 .timescale 0 0;
P_0x55d339d51070 .param/l "i" 1 4 119, +C4<0101>;
S_0x55d339d51150 .scope generate, "zero_bit_gen" "zero_bit_gen" 4 120, 4 120 0, S_0x55d339d50e70;
 .timescale 0 0;
v0x55d339d51330_0 .net/2u *"_ivl_0", 0 0, L_0x7d7a6986e2a0;  1 drivers
S_0x55d339d51430 .scope generate, "genblk1[6]" "genblk1[6]" 4 119, 4 119 0, S_0x55d339d4ed80;
 .timescale 0 0;
P_0x55d339d51630 .param/l "i" 1 4 119, +C4<0110>;
S_0x55d339d51710 .scope generate, "zero_bit_gen" "zero_bit_gen" 4 120, 4 120 0, S_0x55d339d51430;
 .timescale 0 0;
v0x55d339d518f0_0 .net/2u *"_ivl_0", 0 0, L_0x7d7a6986e258;  1 drivers
S_0x55d339d519f0 .scope generate, "genblk1[7]" "genblk1[7]" 4 119, 4 119 0, S_0x55d339d4ed80;
 .timescale 0 0;
P_0x55d339d51bf0 .param/l "i" 1 4 119, +C4<0111>;
S_0x55d339d51cd0 .scope generate, "zero_bit_gen" "zero_bit_gen" 4 120, 4 120 0, S_0x55d339d519f0;
 .timescale 0 0;
v0x55d339d51eb0_0 .net/2u *"_ivl_0", 0 0, L_0x7d7a6986e210;  1 drivers
    .scope S_0x55d339d49a60;
T_0 ;
Ewait_0 .event/or E_0x55d339d0e140, E_0x0;
    %wait Ewait_0;
    %fork t_1, S_0x55d339d49cd0;
    %jmp t_0;
    .scope S_0x55d339d49cd0;
t_1 ;
    %pushi/vec4 0, 0, 32;
    %store/vec4 v0x55d339d49ed0_0, 0, 32;
T_0.0 ;
    %load/vec4 v0x55d339d49ed0_0;
    %cmpi/s 8, 0, 32;
    %jmp/0xz T_0.1, 5;
    %load/vec4 v0x55d339d49ed0_0;
    %cmpi/s 3, 0, 32;
    %flag_mov 8, 5;
    %jmp/0 T_0.2, 8;
    %pushi/vec4 0, 0, 1;
    %jmp/1 T_0.3, 8;
T_0.2 ; End of true expr.
    %load/vec4 v0x55d339d49fd0_0;
    %load/vec4 v0x55d339d49ed0_0;
    %subi 3, 0, 32;
    %part/s 1;
    %jmp/0 T_0.3, 8;
 ; End of false expr.
    %blend;
T_0.3;
    %ix/getv/s 4, v0x55d339d49ed0_0;
    %store/vec4 v0x55d339d4a100_0, 4, 1;
    ; show_stmt_assign_vector: Get l-value for compressed += operand
    %load/vec4 v0x55d339d49ed0_0;
    %pushi/vec4 1, 0, 32;
    %add;
    %cast2;
    %store/vec4 v0x55d339d49ed0_0, 0, 32;
    %jmp T_0.0;
T_0.1 ;
    %end;
    .scope S_0x55d339d49a60;
t_0 %join;
    %jmp T_0;
    .thread T_0, $push;
    .scope S_0x55d339d4e4a0;
T_1 ;
Ewait_1 .event/or E_0x55d339d0e140, E_0x0;
    %wait Ewait_1;
    %fork t_3, S_0x55d339d4e8b0;
    %jmp t_2;
    .scope S_0x55d339d4e8b0;
t_3 ;
    %pushi/vec4 0, 0, 32;
    %store/vec4 v0x55d339d4ea60_0, 0, 32;
T_1.0 ;
    %load/vec4 v0x55d339d4ea60_0;
    %cmpi/s 8, 0, 32;
    %jmp/0xz T_1.1, 5;
    %load/vec4 v0x55d339d4ea60_0;
    %cmpi/s 5, 0, 32;
    %flag_inv 5; GE is !LT
    %flag_mov 8, 5;
    %jmp/0 T_1.2, 8;
    %pushi/vec4 0, 0, 1;
    %jmp/1 T_1.3, 8;
T_1.2 ; End of true expr.
    %load/vec4 v0x55d339d4eb60_0;
    %load/vec4 v0x55d339d4ea60_0;
    %addi 3, 0, 32;
    %part/s 1;
    %jmp/0 T_1.3, 8;
 ; End of false expr.
    %blend;
T_1.3;
    %ix/getv/s 4, v0x55d339d4ea60_0;
    %store/vec4 v0x55d339d4ec40_0, 4, 1;
    ; show_stmt_assign_vector: Get l-value for compressed += operand
    %load/vec4 v0x55d339d4ea60_0;
    %pushi/vec4 1, 0, 32;
    %add;
    %cast2;
    %store/vec4 v0x55d339d4ea60_0, 0, 32;
    %jmp T_1.0;
T_1.1 ;
    %end;
    .scope S_0x55d339d4e4a0;
t_2 %join;
    %jmp T_1;
    .thread T_1, $push;
    .scope S_0x55d339d0ebb0;
T_2 ;
    %pushi/vec4 20, 0, 32;
T_2.0 %dup/vec4;
    %pushi/vec4 0, 0, 32;
    %cmp/s;
    %jmp/1xz T_2.1, 5;
    %jmp/1 T_2.1, 4;
    %pushi/vec4 1, 0, 32;
    %sub;
    %vpi_func 3 35 "$urandom" 32 {0 0 0};
    %pad/u 8;
    %store/vec4 v0x55d339d521d0_0, 0, 8;
    %delay 1, 0;
    %vpi_call/w 3 38 "$write", "TEST %b", v0x55d339d521d0_0 {0 0 0};
    %fork t_5, S_0x55d339d0ede0;
    %jmp t_4;
    .scope S_0x55d339d0ede0;
t_5 ;
    %pushi/vec4 0, 0, 32;
    %store/vec4 v0x55d339d0bf40_0, 0, 32;
T_2.2 ;
    %load/vec4 v0x55d339d0bf40_0;
    %cmpi/s 8, 0, 32;
    %jmp/0xz T_2.3, 5;
    %vpi_call/w 3 41 "$write", " %b", &A<v0x55d339d52290, v0x55d339d0bf40_0 > {0 0 0};
    ; show_stmt_assign_vector: Get l-value for compressed += operand
    %load/vec4 v0x55d339d0bf40_0;
    %pushi/vec4 1, 0, 32;
    %add;
    %cast2;
    %store/vec4 v0x55d339d0bf40_0, 0, 32;
    %jmp T_2.2;
T_2.3 ;
    %end;
    .scope S_0x55d339d0ebb0;
t_4 %join;
    %vpi_call/w 3 43 "$display" {0 0 0};
    %fork t_7, S_0x55d339d48fd0;
    %jmp t_6;
    .scope S_0x55d339d48fd0;
t_7 ;
    %pushi/vec4 0, 0, 32;
    %store/vec4 v0x55d339d27740_0, 0, 32;
T_2.4 ;
    %load/vec4 v0x55d339d27740_0;
    %cmpi/s 8, 0, 32;
    %jmp/0xz T_2.5, 5;
    %ix/getv/s 4, v0x55d339d27740_0;
    %load/vec4a v0x55d339d52290, 4;
    %load/vec4 v0x55d339d27740_0;
    %pushi/vec4 4, 0, 32;
    %div/s;
    %muli 4, 0, 32;
    %ix/vec4/s 4;
    %load/vec4a v0x55d339d52290, 4;
    %cmp/ne;
    %jmp/0xz  T_2.6, 6;
    %vpi_call/w 3 48 "$display", "FAIL %s - see above", "testbench.sv" {0 0 0};
    %vpi_call/w 3 49 "$finish" {0 0 0};
T_2.6 ;
    ; show_stmt_assign_vector: Get l-value for compressed += operand
    %load/vec4 v0x55d339d27740_0;
    %pushi/vec4 1, 0, 32;
    %add;
    %cast2;
    %store/vec4 v0x55d339d27740_0, 0, 32;
    %jmp T_2.4;
T_2.5 ;
    %end;
    .scope S_0x55d339d0ebb0;
t_6 %join;
    %jmp T_2.0;
T_2.1 ;
    %pop/vec4 1;
    %vpi_call/w 3 53 "$display", "PASS %s", "testbench.sv" {0 0 0};
    %vpi_call/w 3 54 "$finish" {0 0 0};
    %end;
    .thread T_2;
# The file index is used to find the file name in the following table.
:file_names 5;
    "N/A";
    "<interactive>";
    "-";
    "testbench.sv";
    "03_04_four_ways_of_doing_shift.sv";
