#! /usr/bin/vvp
:ivl_version "12.0 (stable)";
:ivl_delay_selection "TYPICAL";
:vpi_time_precision + 0;
:vpi_module "/usr/lib/x86_64-linux-gnu/ivl/system.vpi";
:vpi_module "/usr/lib/x86_64-linux-gnu/ivl/vhdl_sys.vpi";
:vpi_module "/usr/lib/x86_64-linux-gnu/ivl/vhdl_textio.vpi";
:vpi_module "/usr/lib/x86_64-linux-gnu/ivl/v2005_math.vpi";
:vpi_module "/usr/lib/x86_64-linux-gnu/ivl/va_math.vpi";
:vpi_module "/usr/lib/x86_64-linux-gnu/ivl/v2009.vpi";
S_0x58992ea27490 .scope package, "$unit" "$unit" 2 1;
 .timescale 0 0;
S_0x58992ea27620 .scope module, "halve_tokens" "halve_tokens" 3 5;
 .timescale 0 0;
    .port_info 0 /INPUT 1 "clk";
    .port_info 1 /INPUT 1 "rst";
    .port_info 2 /INPUT 1 "a";
    .port_info 3 /OUTPUT 1 "b";
o0x7739b148e018 .functor BUFZ 1, C4<z>; HiZ drive
L_0x58992ea70100 .functor AND 1, v0x58992ea6feb0_0, o0x7739b148e018, C4<1>, C4<1>;
v0x58992ea29400_0 .net "a", 0 0, o0x7739b148e018;  0 drivers
v0x58992ea6fd20_0 .net "b", 0 0, L_0x58992ea70100;  1 drivers
o0x7739b148e078 .functor BUFZ 1, C4<z>; HiZ drive
v0x58992ea6fde0_0 .net "clk", 0 0, o0x7739b148e078;  0 drivers
v0x58992ea6feb0_0 .var "is_even", 0 0;
o0x7739b148e0d8 .functor BUFZ 1, C4<z>; HiZ drive
v0x58992ea6ff70_0 .net "rst", 0 0, o0x7739b148e0d8;  0 drivers
E_0x58992ea3b640 .event posedge, v0x58992ea6fde0_0;
    .scope S_0x58992ea27620;
T_0 ;
    %wait E_0x58992ea3b640;
    %load/vec4 v0x58992ea6ff70_0;
    %flag_set/vec4 8;
    %jmp/0xz  T_0.0, 8;
    %pushi/vec4 0, 0, 1;
    %assign/vec4 v0x58992ea6feb0_0, 0;
    %jmp T_0.1;
T_0.0 ;
    %load/vec4 v0x58992ea29400_0;
    %flag_set/vec4 8;
    %jmp/0xz  T_0.2, 8;
    %load/vec4 v0x58992ea6feb0_0;
    %inv;
    %assign/vec4 v0x58992ea6feb0_0, 0;
T_0.2 ;
T_0.1 ;
    %jmp T_0;
    .thread T_0;
# The file index is used to find the file name in the following table.
:file_names 4;
    "N/A";
    "<interactive>";
    "-";
    "04_02_halve_tokens.sv";
