#! /usr/bin/vvp
:ivl_version "12.0 (stable)";
:ivl_delay_selection "TYPICAL";
:vpi_time_precision + 0;
:vpi_module "/usr/lib/x86_64-linux-gnu/ivl/system.vpi";
:vpi_module "/usr/lib/x86_64-linux-gnu/ivl/vhdl_sys.vpi";
:vpi_module "/usr/lib/x86_64-linux-gnu/ivl/vhdl_textio.vpi";
:vpi_module "/usr/lib/x86_64-linux-gnu/ivl/v2005_math.vpi";
:vpi_module "/usr/lib/x86_64-linux-gnu/ivl/va_math.vpi";
:vpi_module "/usr/lib/x86_64-linux-gnu/ivl/v2009.vpi";
S_0x62074863e3b0 .scope package, "$unit" "$unit" 2 1;
 .timescale 0 0;
S_0x620748646970 .scope module, "testbench" "testbench" 3 1;
 .timescale 0 0;
P_0x62074863b490 .param/l "n" 1 3 28, +C4<00000000000000000000000000011000>;
P_0x62074863b4d0 .param/l "seq_det4bit" 1 3 37, C4<000000010000000000001010>;
P_0x62074863b510 .param/l "seq_det6bit" 1 3 38, C4<000000000000010001000000>;
P_0x62074863b550 .param/l "seq_new_bit" 1 3 34, C4<001101011001100110101000>;
v0x62074866aeb0_0 .var "clk", 0 0;
v0x62074866af70_0 .net "det4bit", 0 0, L_0x62074866b8d0;  1 drivers
v0x62074866b030_0 .net "det6bit", 0 0, L_0x62074866c520;  1 drivers
v0x62074866b100_0 .var "new_bit", 0 0;
v0x62074866b1f0_0 .var "rst", 0 0;
E_0x620748620650 .event negedge, v0x620748669c20_0;
S_0x620748646c40 .scope begin, "$ivl_for_loop0" "$ivl_for_loop0" 3 53, 3 53 0, S_0x620748646970;
 .timescale 0 0;
v0x62074863baf0_0 .var/2s "i", 31 0;
E_0x62074860cfd0 .event posedge, v0x6207486699e0_0;
S_0x620748669290 .scope module, "det4b" "detect_4_bit_sequence_using_shift_reg" 3 25, 4 5 0, S_0x620748646970;
 .timescale 0 0;
    .port_info 0 /INPUT 1 "clk";
    .port_info 1 /INPUT 1 "rst";
    .port_info 2 /INPUT 1 "new_bit";
    .port_info 3 /OUTPUT 1 "detected";
L_0x62074863afb0 .functor NOT 1, L_0x62074866b3d0, C4<0>, C4<0>, C4<0>;
L_0x620748636d80 .functor AND 1, L_0x62074866b330, L_0x62074863afb0, C4<1>, C4<1>;
L_0x62074866b650 .functor AND 1, L_0x620748636d80, L_0x62074866b5b0, C4<1>, C4<1>;
L_0x62074866b830 .functor NOT 1, L_0x62074866b760, C4<0>, C4<0>, C4<0>;
L_0x62074866b8d0 .functor AND 1, L_0x62074866b650, L_0x62074866b830, C4<1>, C4<1>;
v0x62074863be40_0 .net *"_ivl_1", 0 0, L_0x62074866b330;  1 drivers
v0x62074863b0d0_0 .net *"_ivl_10", 0 0, L_0x62074866b650;  1 drivers
v0x620748636ea0_0 .net *"_ivl_13", 0 0, L_0x62074866b760;  1 drivers
v0x620748669530_0 .net *"_ivl_14", 0 0, L_0x62074866b830;  1 drivers
v0x620748669610_0 .net *"_ivl_3", 0 0, L_0x62074866b3d0;  1 drivers
v0x620748669740_0 .net *"_ivl_4", 0 0, L_0x62074863afb0;  1 drivers
v0x620748669820_0 .net *"_ivl_6", 0 0, L_0x620748636d80;  1 drivers
v0x620748669900_0 .net *"_ivl_9", 0 0, L_0x62074866b5b0;  1 drivers
v0x6207486699e0_0 .net "clk", 0 0, v0x62074866aeb0_0;  1 drivers
v0x620748669aa0_0 .net "detected", 0 0, L_0x62074866b8d0;  alias, 1 drivers
v0x620748669b60_0 .net "new_bit", 0 0, v0x62074866b100_0;  1 drivers
v0x620748669c20_0 .net "rst", 0 0, v0x62074866b1f0_0;  1 drivers
v0x620748669ce0_0 .var "shift_reg", 3 0;
L_0x62074866b330 .part v0x620748669ce0_0, 3, 1;
L_0x62074866b3d0 .part v0x620748669ce0_0, 2, 1;
L_0x62074866b5b0 .part v0x620748669ce0_0, 1, 1;
L_0x62074866b760 .part v0x620748669ce0_0, 0, 1;
S_0x620748669e40 .scope module, "det6b" "detect_6_bit_sequence_using_shift_reg" 3 26, 4 34 0, S_0x620748646970;
 .timescale 0 0;
    .port_info 0 /INPUT 1 "clk";
    .port_info 1 /INPUT 1 "rst";
    .port_info 2 /INPUT 1 "new_bit";
    .port_info 3 /OUTPUT 1 "detected";
L_0x62074866bbc0 .functor AND 1, L_0x62074866ba30, L_0x62074866bad0, C4<1>, C4<1>;
L_0x62074866bd70 .functor NOT 1, L_0x62074866bcd0, C4<0>, C4<0>, C4<0>;
L_0x62074866be30 .functor AND 1, L_0x62074866bbc0, L_0x62074866bd70, C4<1>, C4<1>;
L_0x62074866c0a0 .functor NOT 1, L_0x62074866bf40, C4<0>, C4<0>, C4<0>;
L_0x62074866c140 .functor AND 1, L_0x62074866be30, L_0x62074866c0a0, C4<1>, C4<1>;
L_0x62074866c2f0 .functor AND 1, L_0x62074866c140, L_0x62074866c250, C4<1>, C4<1>;
L_0x62074866c520 .functor AND 1, L_0x62074866c2f0, L_0x62074866c440, C4<1>, C4<1>;
v0x620748669fd0_0 .net *"_ivl_1", 0 0, L_0x62074866ba30;  1 drivers
v0x62074866a0b0_0 .net *"_ivl_10", 0 0, L_0x62074866be30;  1 drivers
v0x62074866a190_0 .net *"_ivl_13", 0 0, L_0x62074866bf40;  1 drivers
v0x62074866a250_0 .net *"_ivl_14", 0 0, L_0x62074866c0a0;  1 drivers
v0x62074866a330_0 .net *"_ivl_16", 0 0, L_0x62074866c140;  1 drivers
v0x62074866a460_0 .net *"_ivl_19", 0 0, L_0x62074866c250;  1 drivers
v0x62074866a540_0 .net *"_ivl_20", 0 0, L_0x62074866c2f0;  1 drivers
v0x62074866a620_0 .net *"_ivl_23", 0 0, L_0x62074866c440;  1 drivers
v0x62074866a700_0 .net *"_ivl_3", 0 0, L_0x62074866bad0;  1 drivers
v0x62074866a7e0_0 .net *"_ivl_4", 0 0, L_0x62074866bbc0;  1 drivers
v0x62074866a8c0_0 .net *"_ivl_7", 0 0, L_0x62074866bcd0;  1 drivers
v0x62074866a9a0_0 .net *"_ivl_8", 0 0, L_0x62074866bd70;  1 drivers
v0x62074866aa80_0 .net "clk", 0 0, v0x62074866aeb0_0;  alias, 1 drivers
v0x62074866ab20_0 .net "detected", 0 0, L_0x62074866c520;  alias, 1 drivers
v0x62074866abc0_0 .net "new_bit", 0 0, v0x62074866b100_0;  alias, 1 drivers
v0x62074866ac90_0 .net "rst", 0 0, v0x62074866b1f0_0;  alias, 1 drivers
v0x62074866ad60_0 .var "shift_reg", 5 0;
L_0x62074866ba30 .part v0x62074866ad60_0, 5, 1;
L_0x62074866bad0 .part v0x62074866ad60_0, 4, 1;
L_0x62074866bcd0 .part v0x62074866ad60_0, 3, 1;
L_0x62074866bf40 .part v0x62074866ad60_0, 2, 1;
L_0x62074866c250 .part v0x62074866ad60_0, 1, 1;
L_0x62074866c440 .part v0x62074866ad60_0, 0, 1;
    .scope S_0x620748669290;
T_0 ;
    %wait E_0x62074860cfd0;
    %load/vec4 v0x620748669c20_0;
    %flag_set/vec4 8;
    %jmp/0xz  T_0.0, 8;
    %pushi/vec4 0, 0, 4;
    %assign/vec4 v0x620748669ce0_0, 0;
    %jmp T_0.1;
T_0.0 ;
    %load/vec4 v0x620748669ce0_0;
    %parti/s 3, 0, 2;
    %load/vec4 v0x620748669b60_0;
    %concat/vec4; draw_concat_vec4
    %assign/vec4 v0x620748669ce0_0, 0;
T_0.1 ;
    %jmp T_0;
    .thread T_0;
    .scope S_0x620748669e40;
T_1 ;
    %wait E_0x62074860cfd0;
    %load/vec4 v0x62074866ac90_0;
    %flag_set/vec4 8;
    %jmp/0xz  T_1.0, 8;
    %pushi/vec4 0, 0, 6;
    %assign/vec4 v0x62074866ad60_0, 0;
    %jmp T_1.1;
T_1.0 ;
    %load/vec4 v0x62074866ad60_0;
    %parti/s 5, 0, 2;
    %load/vec4 v0x62074866abc0_0;
    %concat/vec4; draw_concat_vec4
    %assign/vec4 v0x62074866ad60_0, 0;
T_1.1 ;
    %jmp T_1;
    .thread T_1;
    .scope S_0x620748646970;
T_2 ;
    %pushi/vec4 0, 0, 1;
    %store/vec4 v0x62074866aeb0_0, 0, 1;
T_2.0 ;
    %delay 500, 0;
    %load/vec4 v0x62074866aeb0_0;
    %inv;
    %store/vec4 v0x62074866aeb0_0, 0, 1;
    %jmp T_2.0;
    %end;
    .thread T_2;
    .scope S_0x620748646970;
T_3 ;
    %pushi/vec4 1, 1, 1;
    %assign/vec4 v0x62074866b1f0_0, 0;
    %pushi/vec4 2, 0, 32;
T_3.0 %dup/vec4;
    %pushi/vec4 0, 0, 32;
    %cmp/s;
    %jmp/1xz T_3.1, 5;
    %jmp/1 T_3.1, 4;
    %pushi/vec4 1, 0, 32;
    %sub;
    %wait E_0x62074860cfd0;
    %jmp T_3.0;
T_3.1 ;
    %pop/vec4 1;
    %pushi/vec4 1, 0, 1;
    %assign/vec4 v0x62074866b1f0_0, 0;
    %pushi/vec4 2, 0, 32;
T_3.2 %dup/vec4;
    %pushi/vec4 0, 0, 32;
    %cmp/s;
    %jmp/1xz T_3.3, 5;
    %jmp/1 T_3.3, 4;
    %pushi/vec4 1, 0, 32;
    %sub;
    %wait E_0x62074860cfd0;
    %jmp T_3.2;
T_3.3 ;
    %pop/vec4 1;
    %pushi/vec4 0, 0, 1;
    %assign/vec4 v0x62074866b1f0_0, 0;
    %end;
    .thread T_3;
    .scope S_0x620748646970;
T_4 ;
    %wait E_0x620748620650;
    %fork t_1, S_0x620748646c40;
    %jmp t_0;
    .scope S_0x620748646c40;
t_1 ;
    %pushi/vec4 0, 0, 32;
    %store/vec4 v0x62074863baf0_0, 0, 32;
T_4.0 ;
    %load/vec4 v0x62074863baf0_0;
    %cmpi/s 24, 0, 32;
    %jmp/0xz T_4.1, 5;
    %pushi/vec4 3512744, 0, 24;
    %pushi/vec4 23, 0, 34;
    %load/vec4 v0x62074863baf0_0;
    %pad/s 34;
    %sub;
    %part/s 1;
    %assign/vec4 v0x62074866b100_0, 0;
    %wait E_0x62074860cfd0;
    %pushi/vec4 65546, 0, 24;
    %pushi/vec4 23, 0, 34;
    %load/vec4 v0x62074863baf0_0;
    %pad/s 34;
    %sub;
    %part/s 1;
    %pushi/vec4 1088, 0, 24;
    %pushi/vec4 23, 0, 34;
    %load/vec4 v0x62074863baf0_0;
    %pad/s 34;
    %sub;
    %part/s 1;
    %vpi_call/w 3 59 "$display", "%b %b (%b) %b (%b)", v0x62074866b100_0, v0x62074866af70_0, S<1,vec4,u1>, v0x62074866b030_0, S<0,vec4,u1> {2 0 0};
    %load/vec4 v0x62074866af70_0;
    %pushi/vec4 65546, 0, 24;
    %pushi/vec4 23, 0, 34;
    %load/vec4 v0x62074863baf0_0;
    %pad/s 34;
    %sub;
    %part/s 1;
    %cmp/ne;
    %jmp/1 T_4.4, 6;
    %flag_mov 8, 6;
    %load/vec4 v0x62074866b030_0;
    %pushi/vec4 1088, 0, 24;
    %pushi/vec4 23, 0, 34;
    %load/vec4 v0x62074863baf0_0;
    %pad/s 34;
    %sub;
    %part/s 1;
    %cmp/ne;
    %flag_or 6, 8;
T_4.4;
    %jmp/0xz  T_4.2, 6;
    %vpi_call/w 3 67 "$display", "FAIL %s - see log above", "testbench.sv" {0 0 0};
    %vpi_call/w 3 68 "$finish" {0 0 0};
T_4.2 ;
    ; show_stmt_assign_vector: Get l-value for compressed += operand
    %load/vec4 v0x62074863baf0_0;
    %pushi/vec4 1, 0, 32;
    %add;
    %cast2;
    %store/vec4 v0x62074863baf0_0, 0, 32;
    %jmp T_4.0;
T_4.1 ;
    %end;
    .scope S_0x620748646970;
t_0 %join;
    %vpi_call/w 3 72 "$display", "PASS %s", "testbench.sv" {0 0 0};
    %vpi_call/w 3 73 "$finish" {0 0 0};
    %end;
    .thread T_4;
# The file index is used to find the file name in the following table.
:file_names 5;
    "N/A";
    "<interactive>";
    "-";
    "testbench.sv";
    "04_01_detect_sequence_using_shift_reg.sv";
