#! /usr/bin/vvp
:ivl_version "12.0 (stable)";
:ivl_delay_selection "TYPICAL";
:vpi_time_precision + 0;
:vpi_module "/usr/lib/x86_64-linux-gnu/ivl/system.vpi";
:vpi_module "/usr/lib/x86_64-linux-gnu/ivl/vhdl_sys.vpi";
:vpi_module "/usr/lib/x86_64-linux-gnu/ivl/vhdl_textio.vpi";
:vpi_module "/usr/lib/x86_64-linux-gnu/ivl/v2005_math.vpi";
:vpi_module "/usr/lib/x86_64-linux-gnu/ivl/va_math.vpi";
:vpi_module "/usr/lib/x86_64-linux-gnu/ivl/v2009.vpi";
S_0x5d43f13de810 .scope package, "$unit" "$unit" 2 1;
 .timescale 0 0;
S_0x5d43f13ed390 .scope module, "testbench" "testbench" 3 1;
 .timescale 0 0;
P_0x5d43f13dd450 .param/l "n" 1 3 3, +C4<00000000000000000000000000000100>;
P_0x5d43f13dd490 .param/l "smax" 1 3 60, +C4<0111>;
P_0x5d43f13dd4d0 .param/l "smin" 1 3 59, +C4<1000>;
P_0x5d43f13dd510 .param/l "umax" 1 3 61, C4<1111>;
v0x5d43f1416dd0_0 .var "a", 3 0;
v0x5d43f1416eb0_0 .var "b", 3 0;
v0x5d43f1416f70_0 .net "res", 7 0, L_0x5d43f1417b60;  1 drivers
v0x5d43f1417010_0 .var/s "sa", 3 0;
v0x5d43f14170d0_0 .var/s "sb", 3 0;
v0x5d43f1417200_0 .var "signed_mul", 0 0;
v0x5d43f14172a0_0 .var/s "sres", 7 0;
v0x5d43f1417360_0 .net "t_res", 7 0, L_0x5d43f14179d0;  1 drivers
v0x5d43f1417450_0 .net/s "t_sres", 7 0, L_0x5d43f1417750;  1 drivers
S_0x5d43f13ed660 .scope begin, "$ivl_for_loop0" "$ivl_for_loop0" 3 72, 3 72 0, S_0x5d43f13ed390;
 .timescale 0 0;
v0x5d43f14148c0_0 .var/2s "i", 31 0;
S_0x5d43f13efc90 .scope begin, "$ivl_for_loop1" "$ivl_for_loop1" 3 73, 3 73 0, S_0x5d43f13ed660;
 .timescale 0 0;
v0x5d43f13e16c0_0 .var/2s "j", 31 0;
S_0x5d43f14149c0 .scope begin, "$ivl_for_loop2" "$ivl_for_loop2" 3 76, 3 76 0, S_0x5d43f13ed390;
 .timescale 0 0;
v0x5d43f1414ea0_0 .var/2s "i", 31 0;
S_0x5d43f1414bc0 .scope begin, "$ivl_for_loop3" "$ivl_for_loop3" 3 77, 3 77 0, S_0x5d43f14149c0;
 .timescale 0 0;
v0x5d43f1414da0_0 .var/2s "j", 31 0;
S_0x5d43f1414fa0 .scope module, "i_signed_mul_4" "signed_mul_4" 3 15, 4 9 0, S_0x5d43f13ed390;
 .timescale 0 0;
    .port_info 0 /INPUT 4 "a";
    .port_info 1 /INPUT 4 "b";
    .port_info 2 /OUTPUT 8 "res";
v0x5d43f14151d0_0 .net/s *"_ivl_0", 7 0, L_0x5d43f1417520;  1 drivers
v0x5d43f14152d0_0 .net/s *"_ivl_2", 7 0, L_0x5d43f14175f0;  1 drivers
v0x5d43f14153b0_0 .net/s "a", 3 0, v0x5d43f1416dd0_0;  1 drivers
v0x5d43f1415470_0 .net/s "b", 3 0, v0x5d43f1416eb0_0;  1 drivers
v0x5d43f1415550_0 .net/s "res", 7 0, L_0x5d43f1417750;  alias, 1 drivers
L_0x5d43f1417520 .extend/s 8, v0x5d43f1416dd0_0;
L_0x5d43f14175f0 .extend/s 8, v0x5d43f1416eb0_0;
L_0x5d43f1417750 .arith/mult 8, L_0x5d43f1417520, L_0x5d43f14175f0;
S_0x5d43f1415700 .scope module, "i_signed_or_unsigned_mul" "signed_or_unsigned_mul" 3 21, 4 46 0, S_0x5d43f13ed390;
 .timescale 0 0;
    .port_info 0 /INPUT 4 "a";
    .port_info 1 /INPUT 4 "b";
    .port_info 2 /INPUT 1 "signed_mul";
    .port_info 3 /OUTPUT 8 "res";
P_0x5d43f14158e0 .param/l "n" 0 4 48, +C4<00000000000000000000000000000100>;
L_0x5d43f1417b60 .functor BUFZ 8, v0x5d43f1415d50_0, C4<00000000>, C4<00000000>, C4<00000000>;
v0x5d43f1415a10_0 .net "a", 3 0, v0x5d43f1416dd0_0;  alias, 1 drivers
v0x5d43f1415af0_0 .net "b", 3 0, v0x5d43f1416eb0_0;  alias, 1 drivers
v0x5d43f1415bc0_0 .net "res", 7 0, L_0x5d43f1417b60;  alias, 1 drivers
v0x5d43f1415c90_0 .net "signed_mul", 0 0, v0x5d43f1417200_0;  1 drivers
v0x5d43f1415d50_0 .var "temp_res", 7 0;
E_0x5d43f13b2d20 .event anyedge, v0x5d43f1415c90_0, v0x5d43f14153b0_0, v0x5d43f1415470_0;
S_0x5d43f1415f00 .scope module, "i_unsigned_mul" "unsigned_mul" 3 18, 4 23 0, S_0x5d43f13ed390;
 .timescale 0 0;
    .port_info 0 /INPUT 4 "a";
    .port_info 1 /INPUT 4 "b";
    .port_info 2 /OUTPUT 8 "res";
P_0x5d43f1416130 .param/l "n" 0 4 25, +C4<00000000000000000000000000000100>;
v0x5d43f1416240_0 .net *"_ivl_0", 7 0, L_0x5d43f14177f0;  1 drivers
L_0x7e9f013b7018 .functor BUFT 1, C4<0000>, C4<0>, C4<0>, C4<0>;
v0x5d43f1416340_0 .net *"_ivl_3", 3 0, L_0x7e9f013b7018;  1 drivers
v0x5d43f1416420_0 .net *"_ivl_4", 7 0, L_0x5d43f14178e0;  1 drivers
L_0x7e9f013b7060 .functor BUFT 1, C4<0000>, C4<0>, C4<0>, C4<0>;
v0x5d43f14164e0_0 .net *"_ivl_7", 3 0, L_0x7e9f013b7060;  1 drivers
v0x5d43f14165c0_0 .net "a", 3 0, v0x5d43f1416dd0_0;  alias, 1 drivers
v0x5d43f1416720_0 .net "b", 3 0, v0x5d43f1416eb0_0;  alias, 1 drivers
v0x5d43f1416830_0 .net "res", 7 0, L_0x5d43f14179d0;  alias, 1 drivers
L_0x5d43f14177f0 .concat [ 4 4 0 0], v0x5d43f1416dd0_0, L_0x7e9f013b7018;
L_0x5d43f14178e0 .concat [ 4 4 0 0], v0x5d43f1416eb0_0, L_0x7e9f013b7060;
L_0x5d43f14179d0 .arith/mult 8, L_0x5d43f14177f0, L_0x5d43f14178e0;
S_0x5d43f1416990 .scope task, "test" "test" 3 24, 3 24 0, S_0x5d43f13ed390;
 .timescale 0 0;
v0x5d43f1416b70_0 .var "t_a", 3 0;
v0x5d43f1416c50_0 .var "t_b", 3 0;
v0x5d43f1416d30_0 .var "t_signed_mul", 0 0;
TD_testbench.test ;
    %load/vec4 v0x5d43f1416b70_0;
    %load/vec4 v0x5d43f1416c50_0;
    %concat/vec4; draw_concat_vec4
    %load/vec4 v0x5d43f1416d30_0;
    %concat/vec4; draw_concat_vec4
    %split/vec4 1;
    %store/vec4 v0x5d43f1417200_0, 0, 1;
    %split/vec4 4;
    %store/vec4 v0x5d43f1416eb0_0, 0, 4;
    %store/vec4 v0x5d43f1416dd0_0, 0, 4;
    %delay 1, 0;
    %load/vec4 v0x5d43f1416dd0_0;
    %load/vec4 v0x5d43f1416eb0_0;
    %concat/vec4; draw_concat_vec4
    %load/vec4 v0x5d43f1416f70_0;
    %concat/vec4; draw_concat_vec4
    %split/vec4 8;
    %store/vec4 v0x5d43f14172a0_0, 0, 8;
    %split/vec4 4;
    %store/vec4 v0x5d43f14170d0_0, 0, 4;
    %store/vec4 v0x5d43f1417010_0, 0, 4;
    %load/vec4 v0x5d43f1417200_0;
    %flag_set/vec4 8;
    %jmp/0xz  T_0.0, 8;
    %vpi_call/w 3 38 "$display", "TEST   signed %d * %d = %d", v0x5d43f1417010_0, v0x5d43f14170d0_0, v0x5d43f14172a0_0 {0 0 0};
    %load/vec4 v0x5d43f14172a0_0;
    %load/vec4 v0x5d43f1417450_0;
    %cmp/ne;
    %jmp/0xz  T_0.2, 6;
    %vpi_call/w 3 42 "$display", "FAIL %s: %d EXPECTED", "testbench.sv", v0x5d43f1417450_0 {0 0 0};
    %vpi_call/w 3 43 "$finish" {0 0 0};
T_0.2 ;
    %jmp T_0.1;
T_0.0 ;
    %vpi_call/w 3 48 "$display", "TEST unsigned %d * %d = %d", v0x5d43f1416dd0_0, v0x5d43f1416eb0_0, v0x5d43f1416f70_0 {0 0 0};
    %load/vec4 v0x5d43f1416f70_0;
    %load/vec4 v0x5d43f1417360_0;
    %cmp/ne;
    %jmp/0xz  T_0.4, 6;
    %vpi_call/w 3 52 "$display", "FAIL %s: %d EXPECTED", "testbench.sv", v0x5d43f1417360_0 {0 0 0};
    %vpi_call/w 3 53 "$finish" {0 0 0};
T_0.4 ;
T_0.1 ;
    %end;
    .scope S_0x5d43f1415700;
T_1 ;
Ewait_0 .event/or E_0x5d43f13b2d20, E_0x0;
    %wait Ewait_0;
    %load/vec4 v0x5d43f1415c90_0;
    %flag_set/vec4 8;
    %jmp/0xz  T_1.0, 8;
    %load/vec4 v0x5d43f1415a10_0;
    %pad/s 8;
    %load/vec4 v0x5d43f1415af0_0;
    %pad/s 8;
    %mul;
    %store/vec4 v0x5d43f1415d50_0, 0, 8;
    %jmp T_1.1;
T_1.0 ;
    %load/vec4 v0x5d43f1415a10_0;
    %pad/u 8;
    %load/vec4 v0x5d43f1415af0_0;
    %pad/u 8;
    %mul;
    %store/vec4 v0x5d43f1415d50_0, 0, 8;
T_1.1 ;
    %jmp T_1;
    .thread T_1, $push;
    .scope S_0x5d43f13ed390;
T_2 ;
    %fork t_1, S_0x5d43f13ed660;
    %jmp t_0;
    .scope S_0x5d43f13ed660;
t_1 ;
    %pushi/vec4 0, 0, 32;
    %store/vec4 v0x5d43f14148c0_0, 0, 32;
T_2.0 ;
    %load/vec4 v0x5d43f14148c0_0;
    %cmpi/u 15, 0, 32;
    %flag_or 5, 4;
    %jmp/0xz T_2.1, 5;
    %fork t_3, S_0x5d43f13efc90;
    %jmp t_2;
    .scope S_0x5d43f13efc90;
t_3 ;
    %pushi/vec4 0, 0, 32;
    %store/vec4 v0x5d43f13e16c0_0, 0, 32;
T_2.2 ;
    %load/vec4 v0x5d43f13e16c0_0;
    %cmpi/u 15, 0, 32;
    %flag_or 5, 4;
    %jmp/0xz T_2.3, 5;
    %load/vec4 v0x5d43f14148c0_0;
    %pad/s 4;
    %store/vec4 v0x5d43f1416b70_0, 0, 4;
    %load/vec4 v0x5d43f13e16c0_0;
    %pad/s 4;
    %store/vec4 v0x5d43f1416c50_0, 0, 4;
    %pushi/vec4 0, 0, 1;
    %store/vec4 v0x5d43f1416d30_0, 0, 1;
    %fork TD_testbench.test, S_0x5d43f1416990;
    %join;
    ; show_stmt_assign_vector: Get l-value for compressed += operand
    %load/vec4 v0x5d43f13e16c0_0;
    %pushi/vec4 1, 0, 32;
    %add;
    %cast2;
    %store/vec4 v0x5d43f13e16c0_0, 0, 32;
    %jmp T_2.2;
T_2.3 ;
    %end;
    .scope S_0x5d43f13ed660;
t_2 %join;
    ; show_stmt_assign_vector: Get l-value for compressed += operand
    %load/vec4 v0x5d43f14148c0_0;
    %pushi/vec4 1, 0, 32;
    %add;
    %cast2;
    %store/vec4 v0x5d43f14148c0_0, 0, 32;
    %jmp T_2.0;
T_2.1 ;
    %end;
    .scope S_0x5d43f13ed390;
t_0 %join;
    %fork t_5, S_0x5d43f14149c0;
    %jmp t_4;
    .scope S_0x5d43f14149c0;
t_5 ;
    %pushi/vec4 4294967288, 0, 32;
    %store/vec4 v0x5d43f1414ea0_0, 0, 32;
T_2.4 ;
    %load/vec4 v0x5d43f1414ea0_0;
    %cmpi/s 7, 0, 32;
    %flag_or 5, 4;
    %jmp/0xz T_2.5, 5;
    %fork t_7, S_0x5d43f1414bc0;
    %jmp t_6;
    .scope S_0x5d43f1414bc0;
t_7 ;
    %pushi/vec4 4294967288, 0, 32;
    %store/vec4 v0x5d43f1414da0_0, 0, 32;
T_2.6 ;
    %load/vec4 v0x5d43f1414da0_0;
    %cmpi/s 7, 0, 32;
    %flag_or 5, 4;
    %jmp/0xz T_2.7, 5;
    %load/vec4 v0x5d43f1414ea0_0;
    %pad/s 4;
    %store/vec4 v0x5d43f1416b70_0, 0, 4;
    %load/vec4 v0x5d43f1414da0_0;
    %pad/s 4;
    %store/vec4 v0x5d43f1416c50_0, 0, 4;
    %pushi/vec4 1, 0, 1;
    %store/vec4 v0x5d43f1416d30_0, 0, 1;
    %fork TD_testbench.test, S_0x5d43f1416990;
    %join;
    ; show_stmt_assign_vector: Get l-value for compressed += operand
    %load/vec4 v0x5d43f1414da0_0;
    %pushi/vec4 1, 0, 32;
    %add;
    %cast2;
    %store/vec4 v0x5d43f1414da0_0, 0, 32;
    %jmp T_2.6;
T_2.7 ;
    %end;
    .scope S_0x5d43f14149c0;
t_6 %join;
    ; show_stmt_assign_vector: Get l-value for compressed += operand
    %load/vec4 v0x5d43f1414ea0_0;
    %pushi/vec4 1, 0, 32;
    %add;
    %cast2;
    %store/vec4 v0x5d43f1414ea0_0, 0, 32;
    %jmp T_2.4;
T_2.5 ;
    %end;
    .scope S_0x5d43f13ed390;
t_4 %join;
    %vpi_call/w 3 80 "$display", "PASS %s", "testbench.sv" {0 0 0};
    %vpi_call/w 3 81 "$finish" {0 0 0};
    %end;
    .thread T_2;
# The file index is used to find the file name in the following table.
:file_names 5;
    "N/A";
    "<interactive>";
    "-";
    "testbench.sv";
    "03_03_signed_or_unsigned_mul.sv";
